
> @evo-app/frontend@0.0.0 build /home/admingimolost/evo-work-new/packages/frontend
> vite build && cp -R dist ../backend/

vite v5.4.20 building for production...
transforming...
[baseline-browser-mapping] The data in this module is over two months old.  To ensure accurate Baseline data, please update: `npm i baseline-browser-mapping@latest -D`
Browserslist: browsers data (caniuse-lite) is 10 months old. Please run:
  npx update-browserslist-db@latest
  Why you should do it regularly: https://github.com/browserslist/update-db#readme
✓ 4132 modules transformed.
rendering chunks...
computing gzip size...
dist/manifest.webmanifest                              0.43 kB
dist/index.html                                        1.07 kB │ gzip:   0.62 kB
dist/assets/index-BeG1SlFZ.css                       108.92 kB │ gzip:  17.41 kB
dist/assets/check-B0NeMC_x.js                          0.30 kB │ gzip:   0.25 kB
dist/assets/chevron-up-DJes0gJA.js                     0.30 kB │ gzip:   0.25 kB
dist/assets/chevron-down-BdWxIajb.js                   0.30 kB │ gzip:   0.25 kB
dist/assets/chevron-left-BEDyfJue.js                   0.30 kB │ gzip:   0.25 kB
dist/assets/dollar-sign-DCC4_jo8.js                    0.39 kB │ gzip:   0.30 kB
dist/assets/LoadingState-Bzzh-0qw.js                   0.47 kB │ gzip:   0.30 kB
dist/assets/tempoSettings-BQ7DIuEk.js                  0.50 kB │ gzip:   0.31 kB
dist/assets/useSimpleTelegramBackButton-CAGeuS-Z.js    0.56 kB │ gzip:   0.39 kB
dist/assets/invalidate-DbwWSxH3.js                     0.58 kB │ gzip:   0.24 kB
dist/assets/sparkles-RxdUfUjK.js                       0.66 kB │ gzip:   0.39 kB
dist/assets/ReportKPIBar-eA2WSOyM.js                   0.67 kB │ gzip:   0.40 kB
dist/assets/ReportHeader-BEXVHcio.js                   0.67 kB │ gzip:   0.39 kB
dist/assets/calendar-BK3zeP5x.js                       0.80 kB │ gzip:   0.40 kB
dist/assets/useSellerEffectiveness-CLPkPPAt.js         1.20 kB │ gzip:   0.68 kB
dist/assets/Textarea-CDWcB_CB.js                       2.06 kB │ gzip:   0.54 kB
dist/assets/SchedulesReport-eFdZOIYb.js                2.28 kB │ gzip:   0.88 kB
dist/assets/SalesTodayReport-DXRopW-s.js               2.68 kB │ gzip:   1.21 kB
dist/assets/StaffRatingsReport-zCAGBXG7.js             2.87 kB │ gzip:   1.49 kB
dist/assets/ReportShareButton-h6khY49y.js              3.62 kB │ gzip:   1.69 kB
dist/assets/ShopSelector-D8AOYJOh.js                   4.79 kB │ gzip:   1.86 kB
dist/assets/StoreOpeningReport-D8yRoUk_.js             4.90 kB │ gzip:   1.77 kB
dist/assets/workbox-window.prod.es5-B9K5rw8f.js        5.72 kB │ gzip:   2.35 kB
dist/assets/GroupSelector-D5JfCs5j.js                  6.29 kB │ gzip:   2.22 kB
dist/assets/PeriodComparison-GXduvOZ6.js               6.85 kB │ gzip:   2.44 kB
dist/assets/use-spring-DLtW5vLW.js                     7.91 kB │ gzip:   3.32 kB
dist/assets/Settings-GAmuf6Nm.js                       8.68 kB │ gzip:   2.85 kB
dist/assets/SalestReportForThePeriod-v6FTWbT0.js       9.09 kB │ gzip:   3.28 kB
dist/assets/StoreOpeningsAdminReport-yOLMLira.js      10.25 kB │ gzip:   3.55 kB
dist/assets/index-yrlgAd5t.js                         13.05 kB │ gzip:   5.21 kB
dist/assets/Orders-BiA-Nd_i.js                        18.16 kB │ gzip:   6.37 kB
dist/assets/ProfitReportPage-B5shKT4m.js              19.44 kB │ gzip:   5.47 kB
dist/assets/QuantityTable-BFpxokTO.js                 20.68 kB │ gzip:   5.26 kB
dist/assets/DeadStock-BKLwZueb.js                     20.87 kB │ gzip:   5.65 kB
dist/assets/SaleReport-Cy1n-Vai.js                    24.66 kB │ gzip:   7.14 kB
dist/assets/Button-BubXgGo7.js                        28.76 kB │ gzip:   9.41 kB
dist/assets/StoreOpeningPage-B6Gbjz-B.js              32.46 kB │ gzip:  10.30 kB
dist/assets/SalaryReport-BQ-YDeO_.js                  56.58 kB │ gzip:  19.79 kB
dist/assets/Home-Cf2Lg3VR.js                         121.83 kB │ gzip:  30.31 kB
dist/assets/popover-CvB0Ydy1.js                      156.75 kB │ gzip:  48.65 kB
dist/assets/html2canvas.esm-CBrSDip1.js              201.42 kB │ gzip:  48.03 kB
dist/assets/index-CInepXvQ.js                        364.88 kB │ gzip: 118.78 kB
dist/assets/SellerPerformance-BUqADvh6.js            428.13 kB │ gzip: 118.32 kB
✓ built in 17.39s

PWA v1.0.3
mode      generateSW
precache  49 entries (1685.28 KiB)
files generated
  dist/sw.js
  dist/workbox-feebcc2d.js
