[2026-07-04T17:20:00.358Z] 🚀 Запуск локального сервера на http://localhost:3000
[2026-07-04T17:20:00.359Z]    БД: .wrangler/state/v3/d1/miniflare-D1DatabaseObject/77e38069f80f1e633c9f5aa7772a284a52b432b7fafc0a93a3719afdd1326ebf.sqlite
[2026-07-04T17:20:00.359Z]    Файлы: ./data/storage/
[2026-07-04T17:20:00.359Z]    Логи: ./data/logs/
[2026-07-04T17:20:00.361Z] ✅ Сервер слушает порт 3000
[2026-07-04T17:20:02.560Z] Таблица 'index_documents' успешно создана или уже существует
[2026-07-04T17:20:02.725Z] Нет записей до указанной даты.
[2026-07-04T17:22:14.622Z] 🚀 Запуск локального сервера на http://localhost:3000
[2026-07-04T17:22:14.623Z]    БД: .wrangler/state/v3/d1/miniflare-D1DatabaseObject/77e38069f80f1e633c9f5aa7772a284a52b432b7fafc0a93a3719afdd1326ebf.sqlite
[2026-07-04T17:22:14.623Z]    Файлы: ./data/storage/
[2026-07-04T17:22:14.623Z]    Логи: ./data/logs/
[2026-07-04T17:22:14.624Z] ✅ Сервер слушает порт 3000
[2026-07-04T17:22:24.110Z] Таблица 'index_documents' успешно создана или уже существует
[2026-07-04T17:22:24.381Z] Нет записей до указанной даты.
[2026-07-04T17:23:08.344Z] Нет записей до указанной даты.
[2026-07-04T17:25:41.404Z] 🚀 Запуск локального сервера на http://localhost:3000
[2026-07-04T17:25:41.405Z]    БД: .wrangler/state/v3/d1/miniflare-D1DatabaseObject/77e38069f80f1e633c9f5aa7772a284a52b432b7fafc0a93a3719afdd1326ebf.sqlite
[2026-07-04T17:25:41.405Z]    Файлы: ./data/storage/
[2026-07-04T17:25:41.405Z]    Логи: ./data/logs/
[2026-07-04T17:25:41.407Z] ✅ Сервер слушает порт 3000
[2026-07-04T17:25:43.818Z] Таблица 'index_documents' успешно создана или уже существует
[2026-07-04T17:25:43.841Z] Группы продуктов для магазина 20191117-BF71-40FE-8016-1E7E4A3A4780 не найдены.
[2026-07-04T17:26:23.045Z] Группы продуктов для магазина 20191117-BF71-40FE-8016-1E7E4A3A4780 не найдены.
[2026-07-04T17:26:23.192Z] Нет записей до указанной даты.
[2026-07-04T17:28:24.158Z] 🚀 Запуск локального сервера на http://localhost:3000
[2026-07-04T17:28:24.159Z]    БД: .wrangler/state/v3/d1/miniflare-D1DatabaseObject/77e38069f80f1e633c9f5aa7772a284a52b432b7fafc0a93a3719afdd1326ebf.sqlite
[2026-07-04T17:28:24.159Z]    Файлы: ./data/storage/
[2026-07-04T17:28:24.159Z]    Логи: ./data/logs/
[2026-07-04T17:28:24.160Z] ✅ Сервер слушает порт 3000
[2026-07-04T17:28:30.391Z] Таблица 'index_documents' успешно создана или уже существует
[2026-07-04T17:28:30.590Z] Группы продуктов для магазина 20191117-BF71-40FE-8016-1E7E4A3A4780 не найдены.
[2026-07-04T17:28:30.665Z] Нет записей до указанной даты.
[2026-07-04T17:28:37.958Z] [internal] Запуск задачи: синхронизация товаров
[2026-07-04T17:28:37.958Z] Таблица 'products' успешно создана или уже существует.
[2026-07-04T17:28:40.042Z] Fetching products for shop: 20191117-BF71-40FE-8016-1E7E4A3A4780
[2026-07-04T17:28:40.441Z] Обработано 1156 записей в таблице products
[2026-07-04T17:28:42.441Z] Fetching products for shop: 20190411-5A3A-40AC-80B3-8B405633C8BA
[2026-07-04T17:28:42.760Z] Обработано 884 записей в таблице products
[2026-07-04T17:28:44.761Z] Fetching products for shop: 20190327-A48C-407F-801F-DA33CB4FBBE9
[2026-07-04T17:28:45.116Z] Обработано 767 записей в таблице products
[2026-07-04T17:28:45.116Z] Product update task completed
[2026-07-04T17:28:45.126Z] Группы продуктов для магазина 20191117-BF71-40FE-8016-1E7E4A3A4780 не найдены.
[2026-07-04T17:29:48.302Z] Нет записей до указанной даты.
[2026-07-04T17:29:48.582Z] [internal] Запуск задачи: синхронизация товаров
[2026-07-04T17:29:48.582Z] Таблица 'products' успешно создана или уже существует.
[2026-07-04T17:29:50.625Z] Fetching products for shop: 20191117-BF71-40FE-8016-1E7E4A3A4780
[2026-07-04T17:29:50.976Z] Обработано 1156 записей в таблице products
[2026-07-04T17:29:52.977Z] Fetching products for shop: 20190411-5A3A-40AC-80B3-8B405633C8BA
[2026-07-04T17:29:53.301Z] Обработано 884 записей в таблице products
[2026-07-04T17:29:55.302Z] Fetching products for shop: 20190327-A48C-407F-801F-DA33CB4FBBE9
[2026-07-04T17:29:55.546Z] Обработано 767 записей в таблице products
[2026-07-04T17:29:55.546Z] Product update task completed
[2026-07-04T17:31:54.889Z] 🚀 Запуск локального сервера на http://localhost:3000
[2026-07-04T17:31:54.890Z]    БД: .wrangler/state/v3/d1/miniflare-D1DatabaseObject/77e38069f80f1e633c9f5aa7772a284a52b432b7fafc0a93a3719afdd1326ebf.sqlite
[2026-07-04T17:31:54.890Z]    Файлы: ./data/storage/
[2026-07-04T17:31:54.890Z]    Логи: ./data/logs/
[2026-07-04T17:31:54.892Z] ✅ Сервер слушает порт 3000
[2026-07-04T17:31:59.448Z] Таблица 'index_documents' успешно создана или уже существует
[2026-07-04T17:32:48.805Z] 🚀 Запуск локального сервера на http://localhost:3000
[2026-07-04T17:32:48.806Z]    БД: .wrangler/state/v3/d1/miniflare-D1DatabaseObject/77e38069f80f1e633c9f5aa7772a284a52b432b7fafc0a93a3719afdd1326ebf.sqlite
[2026-07-04T17:32:48.806Z]    Файлы: ./data/storage/
[2026-07-04T17:32:48.806Z]    Логи: ./data/logs/
[2026-07-04T17:32:48.808Z] ✅ Сервер слушает порт 3000
[2026-07-04T17:32:56.058Z] Таблица 'index_documents' успешно создана или уже существует
[2026-07-04T17:33:00.214Z] employeeRole: null
[2026-07-04T17:34:15.418Z] employeeRole: null
[2026-07-04T17:34:15.505Z] employeeRole: SUPERADMIN
[2026-07-04T17:34:15.529Z] Продукты для магазина 20191117-BF71-40FE-8016-1E7E4A3A4780 не найдены.
[2026-07-04T17:34:15.534Z] Продукты для магазина 20191117-BF71-40FE-8016-1E7E4A3A4780 не найдены.
[2026-07-04T17:34:15.778Z] Продукты для магазина 20190411-5A3A-40AC-80B3-8B405633C8BA не найдены.
[2026-07-04T17:34:15.794Z] Продукты для магазина 20190411-5A3A-40AC-80B3-8B405633C8BA не найдены.
[2026-07-04T17:34:15.862Z] Продукты для магазина 20190327-A48C-407F-801F-DA33CB4FBBE9 не найдены.
[2026-07-04T17:34:15.875Z] Продукты для магазина 20190327-A48C-407F-801F-DA33CB4FBBE9 не найдены.
[2026-07-04T17:34:15.961Z] Продукты для магазина 20191117-BF71-40FE-8016-1E7E4A3A4780 не найдены.
[2026-07-04T17:34:15.964Z] Продукты для магазина 20191117-BF71-40FE-8016-1E7E4A3A4780 не найдены.
[2026-07-04T17:34:16.038Z] Продукты для магазина 20190411-5A3A-40AC-80B3-8B405633C8BA не найдены.
[2026-07-04T17:34:16.043Z] Продукты для магазина 20190411-5A3A-40AC-80B3-8B405633C8BA не найдены.
[2026-07-04T17:34:16.107Z] Продукты для магазина 20190327-A48C-407F-801F-DA33CB4FBBE9 не найдены.
[2026-07-04T17:34:16.178Z] Продукты для магазина 20190327-A48C-407F-801F-DA33CB4FBBE9 не найдены.
[2026-07-04T17:35:08.923Z] Группы продуктов для магазина 20191117-BF71-40FE-8016-1E7E4A3A4780 не найдены.
[2026-07-04T17:35:09.930Z] Группы продуктов для магазина 20191117-BF71-40FE-8016-1E7E4A3A4780 не найдены.
[2026-07-04T17:36:52.243Z] 🚀 Запуск локального сервера на http://localhost:3000
[2026-07-04T17:36:52.244Z]    БД: .wrangler/state/v3/d1/miniflare-D1DatabaseObject/77e38069f80f1e633c9f5aa7772a284a52b432b7fafc0a93a3719afdd1326ebf.sqlite
[2026-07-04T17:36:52.244Z]    Файлы: ./data/storage/
[2026-07-04T17:36:52.245Z]    Логи: ./data/logs/
[2026-07-04T17:36:52.246Z] ✅ Сервер слушает порт 3000
[2026-07-04T17:36:56.008Z] Таблица 'index_documents' успешно создана или уже существует
[2026-07-04T17:36:56.010Z] Группы продуктов для магазина non-existent-shop не найдены.
[2026-07-04T17:36:59.650Z] employeeRole: SUPERADMIN
[2026-07-04T17:36:59.747Z] Продукты для магазина 20191117-BF71-40FE-8016-1E7E4A3A4780 не найдены.
[2026-07-04T17:36:59.766Z] Продукты для магазина 20191117-BF71-40FE-8016-1E7E4A3A4780 не найдены.
[2026-07-04T17:36:59.912Z] Продукты для магазина 20190411-5A3A-40AC-80B3-8B405633C8BA не найдены.
[2026-07-04T17:36:59.945Z] Продукты для магазина 20190411-5A3A-40AC-80B3-8B405633C8BA не найдены.
[2026-07-04T17:37:00.019Z] Продукты для магазина 20190327-A48C-407F-801F-DA33CB4FBBE9 не найдены.
[2026-07-04T17:37:00.020Z] Продукты для магазина 20190327-A48C-407F-801F-DA33CB4FBBE9 не найдены.
[2026-07-04T17:37:00.082Z] Продукты для магазина 20191117-BF71-40FE-8016-1E7E4A3A4780 не найдены.
[2026-07-04T17:37:00.089Z] Продукты для магазина 20191117-BF71-40FE-8016-1E7E4A3A4780 не найдены.
[2026-07-04T17:37:00.152Z] Продукты для магазина 20190411-5A3A-40AC-80B3-8B405633C8BA не найдены.
[2026-07-04T17:37:00.160Z] Продукты для магазина 20190411-5A3A-40AC-80B3-8B405633C8BA не найдены.
[2026-07-04T17:37:00.226Z] Продукты для магазина 20190327-A48C-407F-801F-DA33CB4FBBE9 не найдены.
[2026-07-04T17:37:00.383Z] Продукты для магазина 20190327-A48C-407F-801F-DA33CB4FBBE9 не найдены.
[2026-07-04T17:38:42.199Z] Группы продуктов для магазина 20191117-BF71-40FE-8016-1E7E4A3A4780 не найдены.
[2026-07-04T17:41:36.797Z] 🚀 Запуск локального сервера на http://localhost:3000
[2026-07-04T17:41:36.798Z]    БД: .wrangler/state/v3/d1/miniflare-D1DatabaseObject/77e38069f80f1e633c9f5aa7772a284a52b432b7fafc0a93a3719afdd1326ebf.sqlite
[2026-07-04T17:41:36.798Z]    Файлы: ./data/storage/
[2026-07-04T17:41:36.798Z]    Логи: ./data/logs/
[2026-07-04T17:41:36.800Z] ✅ Сервер слушает порт 3000
[2026-07-04T17:41:40.545Z] Таблица 'index_documents' успешно создана или уже существует
[2026-07-04T17:41:49.276Z] No documents provided to saveNewIndexDocuments
[2026-07-04T17:41:49.276Z] Query results: 
[2026-07-04T17:41:49.360Z] No documents provided to saveNewIndexDocuments
[2026-07-04T17:42:25.551Z] 🚀 Запуск локального сервера на http://localhost:3000
[2026-07-04T17:42:25.552Z]    БД: .wrangler/state/v3/d1/miniflare-D1DatabaseObject/77e38069f80f1e633c9f5aa7772a284a52b432b7fafc0a93a3719afdd1326ebf.sqlite
[2026-07-04T17:42:25.552Z]    Файлы: ./data/storage/
[2026-07-04T17:42:25.552Z]    Логи: ./data/logs/
[2026-07-04T17:42:25.553Z] ✅ Сервер слушает порт 3000
[2026-07-04T17:42:28.860Z] Таблица 'index_documents' успешно создана или уже существует
[2026-07-04T17:42:38.153Z] No documents provided to saveNewIndexDocuments
[2026-07-04T17:42:38.154Z] Query results: 
[2026-07-04T17:42:38.233Z] No documents provided to saveNewIndexDocuments
[2026-07-04T17:42:39.159Z] AI report request received
[2026-07-04T17:42:39.757Z] AI report request received
[2026-07-04T17:42:39.757Z] start: 2026-07-02T03:00:00.000+0000 end: 2026-07-04T21:00:00.000+0000
[2026-07-04T17:42:40.481Z] employeeRole: null
[2026-07-04T17:42:40.580Z] 📄 Получено 0 документов для магазина 20191117-BF71-40FE-8016-1E7E4A3A4780
[2026-07-04T17:42:40.580Z] 📄 Получено 0 документов для магазина 20190411-5A3A-40AC-80B3-8B405633C8BA
[2026-07-04T17:42:40.580Z] 📄 Получено 0 документов для магазина 20190327-A48C-407F-801F-DA33CB4FBBE9
[2026-07-04T17:42:40.581Z] 📄 Получено 0 документов для магазина 20191117-BF71-40FE-8016-1E7E4A3A4780
[2026-07-04T17:42:40.581Z] 📄 Получено 0 документов для магазина 20190411-5A3A-40AC-80B3-8B405633C8BA
[2026-07-04T17:42:40.581Z] 📄 Получено 0 документов для магазина 20190327-A48C-407F-801F-DA33CB4FBBE9
[2026-07-04T17:42:40.584Z] Продукты для магазина 20191117-BF71-40FE-8016-1E7E4A3A4780 не найдены.
[2026-07-04T17:42:40.616Z] Продукты для магазина 20190411-5A3A-40AC-80B3-8B405633C8BA не найдены.
[2026-07-04T17:42:40.646Z] Продукты для магазина 20190327-A48C-407F-801F-DA33CB4FBBE9 не найдены.
[2026-07-04T17:43:19.714Z] Нет записей до указанной даты.
[2026-07-04T17:43:57.950Z] discrepancy: 
[2026-07-04T17:43:57.950Z] ok: 
[2026-07-04T17:43:57.956Z]  
[2026-07-04T17:43:57.957Z] Таблица 'schedule' успешно создана или уже существует.
[2026-07-04T17:43:57.957Z] startDate Invalid Date
[2026-07-04T17:43:57.957Z] endDate Invalid Date
[2026-07-04T17:43:57.958Z] startDate Invalid Date
[2026-07-04T17:43:57.958Z] endDate Invalid Date
[2026-07-04T17:43:57.958Z] Параметры запроса: [object Object]
[2026-07-04T17:43:57.958Z] Данные не найдены для периода с NaN.NaN.NaN по NaN.NaN.NaN и магазина undefined
[2026-07-04T17:43:57.961Z] [internal] Запуск задачи: синхронизация документов
[2026-07-04T17:43:57.962Z] Таблица 'index_documents' успешно создана или уже существует
[2026-07-04T17:43:57.968Z] [ensure90Days] Найдено пробелов: 1. Заполняем...
[2026-07-04T17:43:58.001Z] [ensure90Days] Загружаем 2026-07-04 → 2026-07-04...
[2026-07-04T17:43:58.114Z] [ensure90Days]   Получено 0 документов
[2026-07-04T17:43:58.114Z] No documents provided to saveNewIndexDocuments
[2026-07-04T17:43:58.114Z] [ensure90Days] Все пробелы заполнены
[2026-07-04T17:43:58.177Z] [syncDocuments] Новых документов за 24ч: 0
[2026-07-04T17:43:58.177Z] No documents provided to saveNewIndexDocuments
[2026-07-04T17:43:58.177Z] [syncDocuments] Синхронизация завершена
[2026-07-04T17:45:33.155Z] 🚀 Запуск локального сервера на http://localhost:3000
[2026-07-04T17:45:33.156Z]    БД: .wrangler/state/v3/d1/miniflare-D1DatabaseObject/77e38069f80f1e633c9f5aa7772a284a52b432b7fafc0a93a3719afdd1326ebf.sqlite
[2026-07-04T17:45:33.156Z]    Файлы: ./data/storage/
[2026-07-04T17:45:33.156Z]    Логи: ./data/logs/
[2026-07-04T17:45:33.157Z] ✅ Сервер слушает порт 3000
[2026-07-04T17:45:38.220Z] Таблица 'index_documents' успешно создана или уже существует
[2026-07-04T17:45:48.164Z] No documents provided to saveNewIndexDocuments
[2026-07-04T17:45:48.164Z] Query results: 
[2026-07-04T17:45:48.321Z] No documents provided to saveNewIndexDocuments
[2026-07-04T17:45:49.246Z] AI report request received
[2026-07-04T17:45:49.916Z] AI report request received
[2026-07-04T17:45:49.916Z] start: 2026-07-02T03:00:00.000+0000 end: 2026-07-04T21:00:00.000+0000
[2026-07-04T17:45:50.533Z] employeeRole: null
[2026-07-04T17:45:50.632Z] 📄 Получено 0 документов для магазина 20191117-BF71-40FE-8016-1E7E4A3A4780
[2026-07-04T17:45:50.632Z] 📄 Получено 0 документов для магазина 20190411-5A3A-40AC-80B3-8B405633C8BA
[2026-07-04T17:45:50.632Z] 📄 Получено 0 документов для магазина 20190327-A48C-407F-801F-DA33CB4FBBE9
[2026-07-04T17:45:50.632Z] 📄 Получено 0 документов для магазина 20191117-BF71-40FE-8016-1E7E4A3A4780
[2026-07-04T17:45:50.632Z] 📄 Получено 0 документов для магазина 20190411-5A3A-40AC-80B3-8B405633C8BA
[2026-07-04T17:45:50.632Z] 📄 Получено 0 документов для магазина 20190327-A48C-407F-801F-DA33CB4FBBE9
[2026-07-04T17:45:50.633Z] Продукты для магазина 20191117-BF71-40FE-8016-1E7E4A3A4780 не найдены.
[2026-07-04T17:45:50.662Z] Продукты для магазина 20190411-5A3A-40AC-80B3-8B405633C8BA не найдены.
[2026-07-04T17:45:50.692Z] Продукты для магазина 20190327-A48C-407F-801F-DA33CB4FBBE9 не найдены.
[2026-07-04T17:46:27.955Z] Нет записей до указанной даты.
[2026-07-04T17:47:06.753Z] discrepancy: 
[2026-07-04T17:47:06.753Z] ok: 
[2026-07-04T17:47:06.759Z]  
[2026-07-04T17:47:06.760Z] Таблица 'schedule' успешно создана или уже существует.
[2026-07-04T17:47:06.760Z] startDate Invalid Date
[2026-07-04T17:47:06.760Z] endDate Invalid Date
[2026-07-04T17:47:06.760Z] startDate Invalid Date
[2026-07-04T17:47:06.760Z] endDate Invalid Date
[2026-07-04T17:47:06.760Z] Параметры запроса: [object Object]
[2026-07-04T17:47:06.760Z] Данные не найдены для периода с NaN.NaN.NaN по NaN.NaN.NaN и магазина undefined
[2026-07-04T17:47:06.765Z] [internal] Запуск задачи: синхронизация документов
[2026-07-04T17:47:06.765Z] Таблица 'index_documents' успешно создана или уже существует
[2026-07-04T17:47:06.771Z] [ensure90Days] Найдено пробелов: 1. Заполняем...
[2026-07-04T17:47:06.814Z] [ensure90Days] Загружаем 2026-07-04 → 2026-07-04...
[2026-07-04T17:47:06.882Z] [ensure90Days]   Получено 0 документов
[2026-07-04T17:47:06.883Z] No documents provided to saveNewIndexDocuments
[2026-07-04T17:47:06.883Z] [ensure90Days] Все пробелы заполнены
[2026-07-04T17:47:06.950Z] [syncDocuments] Новых документов за 24ч: 0
[2026-07-04T17:47:06.951Z] No documents provided to saveNewIndexDocuments
[2026-07-04T17:47:06.951Z] [syncDocuments] Синхронизация завершена
[2026-07-04T17:53:01.686Z] 🚀 Запуск локального сервера на http://localhost:3000
[2026-07-04T17:53:01.687Z]    БД: ./data/local.db
[2026-07-04T17:53:01.687Z]    Файлы: ./data/storage/
[2026-07-04T17:53:01.688Z]    Логи: ./data/logs/
[2026-07-04T17:53:01.689Z] ✅ Сервер слушает порт 3000
[2026-07-04T17:53:06.684Z] Таблица 'index_documents' успешно создана или уже существует
[2026-07-04T17:53:06.695Z] [internal] Запуск задачи: синхронизация товаров
[2026-07-04T17:53:06.696Z] Таблица 'products' успешно создана или уже существует.
[2026-07-04T17:53:08.845Z] Fetching products for shop: 20191117-BF71-40FE-8016-1E7E4A3A4780
[2026-07-04T17:53:09.272Z] Обработано 1156 записей в таблице products
[2026-07-04T17:53:11.274Z] Fetching products for shop: 20190411-5A3A-40AC-80B3-8B405633C8BA
[2026-07-04T17:53:11.636Z] Обработано 884 записей в таблице products
[2026-07-04T17:53:13.637Z] Fetching products for shop: 20190327-A48C-407F-801F-DA33CB4FBBE9
[2026-07-04T17:53:13.994Z] Обработано 767 записей в таблице products
[2026-07-04T17:53:13.995Z] Product update task completed
[2026-07-04T17:53:23.344Z] No documents provided to saveNewIndexDocuments
[2026-07-04T17:53:23.344Z] Query results: 
[2026-07-04T17:53:23.419Z] No documents provided to saveNewIndexDocuments
[2026-07-04T17:53:24.467Z] AI report request received
[2026-07-04T17:53:25.066Z] AI report request received
[2026-07-04T17:53:25.066Z] start: 2026-07-02T03:00:00.000+0000 end: 2026-07-04T21:00:00.000+0000
[2026-07-04T17:53:25.697Z] employeeRole: null
[2026-07-04T17:53:25.828Z] 📄 Получено 0 документов для магазина 20191117-BF71-40FE-8016-1E7E4A3A4780
[2026-07-04T17:53:25.828Z] 📄 Получено 0 документов для магазина 20190411-5A3A-40AC-80B3-8B405633C8BA
[2026-07-04T17:53:25.828Z] 📄 Получено 0 документов для магазина 20190327-A48C-407F-801F-DA33CB4FBBE9
[2026-07-04T17:53:25.828Z] 📄 Получено 0 документов для магазина 20191117-BF71-40FE-8016-1E7E4A3A4780
[2026-07-04T17:53:25.828Z] 📄 Получено 0 документов для магазина 20190411-5A3A-40AC-80B3-8B405633C8BA
[2026-07-04T17:53:25.828Z] 📄 Получено 0 документов для магазина 20190327-A48C-407F-801F-DA33CB4FBBE9
[2026-07-04T17:53:25.830Z] План не найден, генерируем новый...
[2026-07-04T17:54:03.887Z] Нет записей до указанной даты.
[2026-07-04T17:54:35.473Z] employeeRole: SUPERADMIN
[2026-07-04T17:54:39.414Z] discrepancy: 
[2026-07-04T17:54:39.414Z] ok: 
[2026-07-04T17:54:39.426Z]  
[2026-07-04T17:54:39.426Z] Таблица 'schedule' успешно создана или уже существует.
[2026-07-04T17:54:39.426Z] startDate Invalid Date
[2026-07-04T17:54:39.427Z] endDate Invalid Date
[2026-07-04T17:54:39.428Z] startDate Invalid Date
[2026-07-04T17:54:39.428Z] endDate Invalid Date
[2026-07-04T17:54:39.428Z] Параметры запроса: [object Object]
[2026-07-04T17:54:39.429Z] Данные не найдены для периода с NaN.NaN.NaN по NaN.NaN.NaN и магазина undefined
[2026-07-04T17:54:39.435Z] [internal] Запуск задачи: синхронизация документов
[2026-07-04T17:54:39.435Z] Таблица 'index_documents' успешно создана или уже существует
[2026-07-04T17:54:39.436Z] [ensure90Days] Найдено пробелов: 1. Заполняем...
[2026-07-04T17:54:39.475Z] [ensure90Days] Загружаем 2026-07-04 → 2026-07-04...
[2026-07-04T17:54:39.516Z] [ensure90Days]   Получено 0 документов
[2026-07-04T17:54:39.516Z] No documents provided to saveNewIndexDocuments
[2026-07-04T17:54:39.516Z] [ensure90Days] Все пробелы заполнены
[2026-07-04T17:54:39.547Z] [syncDocuments] Новых документов за 24ч: 0
[2026-07-04T17:54:39.547Z] No documents provided to saveNewIndexDocuments
[2026-07-04T17:54:39.547Z] [syncDocuments] Синхронизация завершена
[2026-07-04T17:55:29.861Z] employeeRole: SUPERADMIN
[2026-07-04T17:56:00.966Z] 🚀 Запуск локального сервера на http://localhost:3000
[2026-07-04T17:56:00.967Z]    БД: ./data/local.db
[2026-07-04T17:56:00.967Z]    Файлы: ./data/storage/
[2026-07-04T17:56:00.968Z]    Логи: ./data/logs/
[2026-07-04T17:56:00.969Z] ✅ Сервер слушает порт 3000
[2026-07-04T17:56:06.246Z] Таблица 'index_documents' успешно создана или уже существует
[2026-07-04T17:56:06.258Z] [internal] Запуск задачи: синхронизация товаров
[2026-07-04T17:56:06.258Z] Таблица 'products' успешно создана или уже существует.
[2026-07-04T17:56:08.354Z] Fetching products for shop: 20191117-BF71-40FE-8016-1E7E4A3A4780
[2026-07-04T17:56:08.648Z] Обработано 1156 записей в таблице products
[2026-07-04T17:56:10.649Z] Fetching products for shop: 20190411-5A3A-40AC-80B3-8B405633C8BA
[2026-07-04T17:56:11.156Z] Обработано 884 записей в таблице products
[2026-07-04T17:56:13.157Z] Fetching products for shop: 20190327-A48C-407F-801F-DA33CB4FBBE9
[2026-07-04T17:56:13.485Z] Обработано 767 записей в таблице products
[2026-07-04T17:56:13.485Z] Product update task completed
[2026-07-04T17:56:22.498Z] No documents provided to saveNewIndexDocuments
[2026-07-04T17:56:22.498Z] Query results: 
[2026-07-04T17:56:22.612Z] No documents provided to saveNewIndexDocuments
[2026-07-04T17:56:23.507Z] AI report request received
[2026-07-04T17:56:24.117Z] AI report request received
[2026-07-04T17:56:24.118Z] start: 2026-07-02T03:00:00.000+0000 end: 2026-07-04T21:00:00.000+0000
[2026-07-04T17:56:24.720Z] employeeRole: null
[2026-07-04T17:56:24.841Z] 📄 Получено 0 документов для магазина 20191117-BF71-40FE-8016-1E7E4A3A4780
[2026-07-04T17:56:24.841Z] 📄 Получено 0 документов для магазина 20190411-5A3A-40AC-80B3-8B405633C8BA
[2026-07-04T17:56:24.841Z] 📄 Получено 0 документов для магазина 20190327-A48C-407F-801F-DA33CB4FBBE9
[2026-07-04T17:56:24.841Z] 📄 Получено 0 документов для магазина 20191117-BF71-40FE-8016-1E7E4A3A4780
[2026-07-04T17:56:24.842Z] 📄 Получено 0 документов для магазина 20190411-5A3A-40AC-80B3-8B405633C8BA
[2026-07-04T17:56:24.842Z] 📄 Получено 0 документов для магазина 20190327-A48C-407F-801F-DA33CB4FBBE9
[2026-07-04T17:56:24.843Z] Продукты для магазина 20191117-BF71-40FE-8016-1E7E4A3A4780 не найдены.
[2026-07-04T17:56:24.883Z] Продукты для магазина 20190411-5A3A-40AC-80B3-8B405633C8BA не найдены.
[2026-07-04T17:56:24.946Z] Продукты для магазина 20190327-A48C-407F-801F-DA33CB4FBBE9 не найдены.
[2026-07-04T17:57:14.268Z] Группы продуктов для магазина 20251229-316B-40A1-80F7-C59E5B8E6831 не найдены.
[2026-07-04T17:57:14.270Z] Нет записей до указанной даты.
[2026-07-04T17:58:02.081Z] employeeRole: SUPERADMIN
[2026-07-04T17:58:02.108Z] Продукты для магазина 20191117-BF71-40FE-8016-1E7E4A3A4780 не найдены.
[2026-07-04T17:58:02.111Z] Продукты для магазина 20191117-BF71-40FE-8016-1E7E4A3A4780 не найдены.
[2026-07-04T17:58:02.186Z] Продукты для магазина 20190411-5A3A-40AC-80B3-8B405633C8BA не найдены.
[2026-07-04T17:58:02.208Z] Продукты для магазина 20190411-5A3A-40AC-80B3-8B405633C8BA не найдены.
[2026-07-04T17:58:02.224Z] Продукты для магазина 20190327-A48C-407F-801F-DA33CB4FBBE9 не найдены.
[2026-07-04T17:58:02.242Z] Продукты для магазина 20190327-A48C-407F-801F-DA33CB4FBBE9 не найдены.
[2026-07-04T17:58:02.258Z] Продукты для магазина 20191117-BF71-40FE-8016-1E7E4A3A4780 не найдены.
[2026-07-04T17:58:02.294Z] Продукты для магазина 20191117-BF71-40FE-8016-1E7E4A3A4780 не найдены.
[2026-07-04T17:58:02.326Z] Продукты для магазина 20190411-5A3A-40AC-80B3-8B405633C8BA не найдены.
[2026-07-04T17:58:02.357Z] Продукты для магазина 20190327-A48C-407F-801F-DA33CB4FBBE9 не найдены.
[2026-07-04T17:58:02.407Z] Продукты для магазина 20190411-5A3A-40AC-80B3-8B405633C8BA не найдены.
[2026-07-04T17:58:02.441Z] Продукты для магазина 20190327-A48C-407F-801F-DA33CB4FBBE9 не найдены.
[2026-07-04T17:58:04.773Z] discrepancy: 
[2026-07-04T17:58:04.773Z] ok: 
[2026-07-04T17:58:04.784Z]  
[2026-07-04T17:58:04.784Z] Таблица 'schedule' успешно создана или уже существует.
[2026-07-04T17:58:04.785Z] startDate Invalid Date
[2026-07-04T17:58:04.785Z] endDate Invalid Date
[2026-07-04T17:58:04.786Z] startDate Invalid Date
[2026-07-04T17:58:04.786Z] endDate Invalid Date
[2026-07-04T17:58:04.786Z] Параметры запроса: [object Object]
[2026-07-04T17:58:04.786Z] Данные не найдены для периода с NaN.NaN.NaN по NaN.NaN.NaN и магазина undefined
[2026-07-04T17:58:04.792Z] [internal] Запуск задачи: синхронизация документов
[2026-07-04T17:58:04.792Z] Таблица 'index_documents' успешно создана или уже существует
[2026-07-04T17:58:04.793Z] [ensure90Days] Найдено пробелов: 1. Заполняем...
[2026-07-04T17:58:04.834Z] [ensure90Days] Загружаем 2026-07-04 → 2026-07-04...
[2026-07-04T17:58:04.874Z] [ensure90Days]   Получено 0 документов
[2026-07-04T17:58:04.874Z] No documents provided to saveNewIndexDocuments
[2026-07-04T17:58:04.874Z] [ensure90Days] Все пробелы заполнены
[2026-07-04T17:58:04.921Z] [syncDocuments] Новых документов за 24ч: 0
[2026-07-04T17:58:04.921Z] No documents provided to saveNewIndexDocuments
[2026-07-04T17:58:04.921Z] [syncDocuments] Синхронизация завершена
[2026-07-04T17:58:14.397Z] Группы продуктов для магазина 20191117-BF71-40FE-8016-1E7E4A3A4780 не найдены.
[2026-07-04T17:59:28.141Z] Продукты для магазина 20191117-BF71-40FE-8016-1E7E4A3A4780 не найдены.
[2026-07-04T17:59:28.142Z] Продукты для магазина 20191117-BF71-40FE-8016-1E7E4A3A4780 не найдены.
[2026-07-04T17:59:28.224Z] Продукты для магазина 20190411-5A3A-40AC-80B3-8B405633C8BA не найдены.
[2026-07-04T17:59:28.232Z] Продукты для магазина 20190411-5A3A-40AC-80B3-8B405633C8BA не найдены.
[2026-07-04T17:59:28.254Z] Продукты для магазина 20190327-A48C-407F-801F-DA33CB4FBBE9 не найдены.
[2026-07-04T17:59:28.262Z] Продукты для магазина 20190327-A48C-407F-801F-DA33CB4FBBE9 не найдены.
[2026-07-04T18:00:08.285Z] employeeRole: SUPERADMIN
[2026-07-04T18:00:08.308Z] Группы продуктов для магазина 20191117-BF71-40FE-8016-1E7E4A3A4780 не найдены.
[2026-07-04T18:00:11.086Z] Продукты для магазина 20191117-BF71-40FE-8016-1E7E4A3A4780 не найдены.
[2026-07-04T18:00:11.089Z] Продукты для магазина 20191117-BF71-40FE-8016-1E7E4A3A4780 не найдены.
[2026-07-04T18:00:11.195Z] Продукты для магазина 20190411-5A3A-40AC-80B3-8B405633C8BA не найдены.
[2026-07-04T18:00:11.207Z] Продукты для магазина 20190411-5A3A-40AC-80B3-8B405633C8BA не найдены.
[2026-07-04T18:00:11.226Z] Продукты для магазина 20190327-A48C-407F-801F-DA33CB4FBBE9 не найдены.
[2026-07-04T18:00:11.244Z] Продукты для магазина 20190327-A48C-407F-801F-DA33CB4FBBE9 не найдены.
[2026-07-04T18:00:11.265Z] Продукты для магазина 20191117-BF71-40FE-8016-1E7E4A3A4780 не найдены.
[2026-07-04T18:00:11.307Z] Продукты для магазина 20191117-BF71-40FE-8016-1E7E4A3A4780 не найдены.
[2026-07-04T18:00:11.315Z] Продукты для магазина 20190411-5A3A-40AC-80B3-8B405633C8BA не найдены.
[2026-07-04T18:00:11.350Z] Продукты для магазина 20190411-5A3A-40AC-80B3-8B405633C8BA не найдены.
[2026-07-04T18:00:11.355Z] Продукты для магазина 20190327-A48C-407F-801F-DA33CB4FBBE9 не найдены.
[2026-07-04T18:00:11.440Z] Продукты для магазина 20190327-A48C-407F-801F-DA33CB4FBBE9 не найдены.
[2026-07-04T18:01:32.111Z] employeeRole: SUPERADMIN
[2026-07-04T18:01:32.131Z] Продукты для магазина 20191117-BF71-40FE-8016-1E7E4A3A4780 не найдены.
[2026-07-04T18:01:32.134Z] Продукты для магазина 20191117-BF71-40FE-8016-1E7E4A3A4780 не найдены.
[2026-07-04T18:01:32.208Z] Продукты для магазина 20190411-5A3A-40AC-80B3-8B405633C8BA не найдены.
[2026-07-04T18:01:32.236Z] Продукты для магазина 20190411-5A3A-40AC-80B3-8B405633C8BA не найдены.
[2026-07-04T18:01:32.241Z] Продукты для магазина 20190327-A48C-407F-801F-DA33CB4FBBE9 не найдены.
[2026-07-04T18:01:32.267Z] Продукты для магазина 20190327-A48C-407F-801F-DA33CB4FBBE9 не найдены.
[2026-07-04T18:01:32.294Z] Продукты для магазина 20191117-BF71-40FE-8016-1E7E4A3A4780 не найдены.
[2026-07-04T18:01:32.307Z] Продукты для магазина 20191117-BF71-40FE-8016-1E7E4A3A4780 не найдены.
[2026-07-04T18:01:32.329Z] Продукты для магазина 20190411-5A3A-40AC-80B3-8B405633C8BA не найдены.
[2026-07-04T18:01:32.337Z] Продукты для магазина 20190411-5A3A-40AC-80B3-8B405633C8BA не найдены.
[2026-07-04T18:01:32.360Z] Продукты для магазина 20190327-A48C-407F-801F-DA33CB4FBBE9 не найдены.
[2026-07-04T18:01:32.382Z] Продукты для магазина 20190327-A48C-407F-801F-DA33CB4FBBE9 не найдены.
[2026-07-04T18:04:56.538Z] Продукты для магазина 20191117-BF71-40FE-8016-1E7E4A3A4780 не найдены.
[2026-07-04T18:04:56.718Z] Продукты для магазина 20190411-5A3A-40AC-80B3-8B405633C8BA не найдены.
[2026-07-04T18:04:56.797Z] Продукты для магазина 20190327-A48C-407F-801F-DA33CB4FBBE9 не найдены.
[2026-07-04T18:05:42.481Z] Группы продуктов для магазина 20191117-BF71-40FE-8016-1E7E4A3A4780 не найдены.
[2026-07-04T18:06:53.190Z] 🚀 Запуск локального сервера на http://localhost:3000
[2026-07-04T18:06:53.191Z]    БД: ./data/local.db
[2026-07-04T18:06:53.191Z]    Файлы: ./data/storage/
[2026-07-04T18:06:53.191Z]    Логи: ./data/logs/
[2026-07-04T18:06:53.192Z] ✅ Сервер слушает порт 3000
[2026-07-04T18:06:58.320Z] Таблица 'index_documents' успешно создана или уже существует
[2026-07-04T18:06:58.332Z] [internal] Запуск задачи: синхронизация товаров
[2026-07-04T18:06:58.332Z] Таблица 'products' успешно создана или уже существует.
[2026-07-04T18:06:58.332Z] Таблица 'shopProduct' успешно создана или уже существует.
[2026-07-04T18:07:00.446Z] Fetching products for shop: 20191117-BF71-40FE-8016-1E7E4A3A4780
[2026-07-04T18:07:00.945Z] Обработано 1156 записей в таблице products
[2026-07-04T18:08:30.415Z] 🚀 Запуск локального сервера на http://localhost:3000
[2026-07-04T18:08:30.416Z]    БД: ./data/local.db
[2026-07-04T18:08:30.416Z]    Файлы: ./data/storage/
[2026-07-04T18:08:30.416Z]    Логи: ./data/logs/
[2026-07-04T18:08:30.418Z] ✅ Сервер слушает порт 3000
[2026-07-04T18:08:36.284Z] Таблица 'index_documents' успешно создана или уже существует
[2026-07-04T18:08:36.296Z] [internal] Запуск задачи: синхронизация товаров
[2026-07-04T18:08:36.296Z] Таблица 'products' успешно создана или уже существует.
[2026-07-04T18:08:36.296Z] Таблица 'shopProduct' успешно создана или уже существует.
[2026-07-04T18:08:38.404Z] Fetching products for shop: 20191117-BF71-40FE-8016-1E7E4A3A4780
[2026-07-04T18:08:38.657Z] Обработано 1156 записей в таблице products
[2026-07-04T18:08:38.870Z] Обработано 1156 записей в таблице shopProduct
[2026-07-04T18:08:40.871Z] Fetching products for shop: 20190411-5A3A-40AC-80B3-8B405633C8BA
[2026-07-04T18:08:41.173Z] Обработано 884 записей в таблице products
[2026-07-04T18:08:41.176Z] employeeRole: SUPERADMIN
[2026-07-04T18:08:41.409Z] Обработано 884 записей в таблице shopProduct
[2026-07-04T18:08:43.411Z] Fetching products for shop: 20190327-A48C-407F-801F-DA33CB4FBBE9
[2026-07-04T18:08:43.785Z] Обработано 767 записей в таблице products
[2026-07-04T18:08:44.077Z] Обработано 767 записей в таблице shopProduct
[2026-07-04T18:08:44.077Z] Product update task completed
[2026-07-04T18:08:44.087Z] Группы продуктов для магазина 20191117-BF71-40FE-8016-1E7E4A3A4780 не найдены.
[2026-07-04T18:10:40.771Z] 🚀 Запуск локального сервера на http://localhost:3000
[2026-07-04T18:10:40.773Z]    БД: .wrangler/state/v3/d1/miniflare-D1DatabaseObject/77e38069f80f1e633c9f5aa7772a284a52b432b7fafc0a93a3719afdd1326ebf.sqlite
[2026-07-04T18:10:40.774Z]    Файлы: ./data/storage/
[2026-07-04T18:10:40.774Z]    Логи: ./data/logs/
[2026-07-04T18:10:40.775Z] ✅ Сервер слушает порт 3000
[2026-07-04T18:10:46.218Z] Таблица 'index_documents' успешно создана или уже существует
[2026-07-04T18:10:46.230Z] [internal] Запуск задачи: синхронизация товаров
[2026-07-04T18:10:46.230Z] Таблица 'products' успешно создана или уже существует.
[2026-07-04T18:10:46.230Z] Таблица 'shopProduct' успешно создана или уже существует.
[2026-07-04T18:10:48.343Z] Fetching products for shop: 20191117-BF71-40FE-8016-1E7E4A3A4780
[2026-07-04T18:10:48.556Z] Обработано 1156 записей в таблице products
[2026-07-04T18:10:48.715Z] Обработано 1156 записей в таблице shopProduct
[2026-07-04T18:10:50.717Z] Fetching products for shop: 20190411-5A3A-40AC-80B3-8B405633C8BA
[2026-07-04T18:10:51.091Z] Обработано 884 записей в таблице products
[2026-07-04T18:10:51.227Z] Обработано 884 записей в таблице shopProduct
[2026-07-04T18:10:53.228Z] Fetching products for shop: 20190327-A48C-407F-801F-DA33CB4FBBE9
[2026-07-04T18:10:53.647Z] Обработано 767 записей в таблице products
[2026-07-04T18:10:53.792Z] Обработано 767 записей в таблице shopProduct
[2026-07-04T18:10:53.792Z] Product update task completed
[2026-07-04T18:10:58.570Z] employeeRole: SUPERADMIN
[2026-07-04T18:10:58.579Z] План не найден, генерируем новый...
[2026-07-04T18:10:58.585Z] План не найден, генерируем новый...
[2026-07-04T18:11:50.826Z] 🚀 Запуск локального сервера на http://localhost:3000
[2026-07-04T18:11:50.827Z]    БД: ./data/local.db
[2026-07-04T18:11:50.827Z]    Файлы: ./data/storage/
[2026-07-04T18:11:50.827Z]    Логи: ./data/logs/
[2026-07-04T18:11:50.829Z] ✅ Сервер слушает порт 3000
[2026-07-04T18:11:58.980Z] Таблица 'index_documents' успешно создана или уже существует
[2026-07-04T18:11:59.184Z] employeeRole: null
[2026-07-04T18:12:00.898Z] [internal] Запуск задачи: синхронизация товаров
[2026-07-04T18:12:00.898Z] Таблица 'products' успешно создана или уже существует.
[2026-07-04T18:12:00.899Z] Таблица 'shopProduct' успешно создана или уже существует.
[2026-07-04T18:12:02.953Z] Fetching products for shop: 20191117-BF71-40FE-8016-1E7E4A3A4780
[2026-07-04T18:12:03.389Z] Обработано 1156 записей в таблице products
[2026-07-04T18:12:03.631Z] Обработано 1156 записей в таблице shopProduct
[2026-07-04T18:12:05.632Z] Fetching products for shop: 20190411-5A3A-40AC-80B3-8B405633C8BA
[2026-07-04T18:12:05.952Z] Обработано 884 записей в таблице products
[2026-07-04T18:12:06.166Z] Обработано 884 записей в таблице shopProduct
[2026-07-04T18:12:08.168Z] Fetching products for shop: 20190327-A48C-407F-801F-DA33CB4FBBE9
[2026-07-04T18:12:08.383Z] Обработано 767 записей в таблице products
[2026-07-04T18:12:08.499Z] Обработано 767 записей в таблице shopProduct
[2026-07-04T18:12:08.499Z] Product update task completed
[2026-07-04T18:12:11.942Z] employeeRole: null
[2026-07-04T18:12:11.975Z] employeeRole: SUPERADMIN
[2026-07-04T18:12:11.997Z] План не найден, генерируем новый...
[2026-07-04T18:12:11.999Z] План не найден, генерируем новый...
[2026-07-04T18:12:14.459Z] employeeRole: SUPERADMIN
[2026-07-04T18:14:23.580Z] employeeRole: SUPERADMIN
[2026-07-04T18:16:50.760Z] employeeRole: SUPERADMIN
[2026-07-04T18:20:49.164Z] [internal] Запуск задачи: синхронизация документов
[2026-07-04T18:20:49.165Z] Таблица 'index_documents' успешно создана или уже существует
[2026-07-04T18:20:49.165Z] [ensure90Days] Найдено пробелов: 1. Заполняем...
[2026-07-04T18:20:49.249Z] [ensure90Days] Загружаем 2026-07-04 → 2026-07-04...
[2026-07-04T18:20:49.373Z] [ensure90Days]   Получено 0 документов
[2026-07-04T18:20:49.374Z] No documents provided to saveNewIndexDocuments
[2026-07-04T18:20:49.374Z] [ensure90Days] Все пробелы заполнены
[2026-07-04T18:20:49.465Z] [syncDocuments] Новых документов за 24ч: 0
[2026-07-04T18:20:49.465Z] No documents provided to saveNewIndexDocuments
[2026-07-04T18:20:49.465Z] [syncDocuments] Синхронизация завершена
[2026-07-04T18:31:14.709Z] 🚀 Запуск локального сервера на http://localhost:3000
[2026-07-04T18:31:14.710Z]    БД: .wrangler/state/v3/d1/miniflare-D1DatabaseObject/77e38069f80f1e633c9f5aa7772a284a52b432b7fafc0a93a3719afdd1326ebf.sqlite
[2026-07-04T18:31:14.710Z]    Файлы: ./data/storage/
[2026-07-04T18:31:14.710Z]    Логи: ./data/logs/
[2026-07-04T18:31:14.712Z] ✅ Сервер слушает порт 3000
[2026-07-04T18:31:20.555Z] Таблица 'index_documents' успешно создана или уже существует
[2026-07-04T18:31:26.561Z] [internal] Запуск задачи: синхронизация товаров
[2026-07-04T18:31:26.561Z] Таблица 'products' успешно создана или уже существует.
[2026-07-04T18:31:26.561Z] Таблица 'shopProduct' успешно создана или уже существует.
[2026-07-04T18:31:28.649Z] Fetching products for shop: 20191117-BF71-40FE-8016-1E7E4A3A4780
[2026-07-04T18:31:29.086Z] Обработано 1156 записей в таблице products
[2026-07-04T18:31:29.238Z] Обработано 1156 записей в таблице shopProduct
[2026-07-04T18:31:31.238Z] Fetching products for shop: 20190411-5A3A-40AC-80B3-8B405633C8BA
[2026-07-04T18:31:31.680Z] Обработано 884 записей в таблице products
[2026-07-04T18:31:31.974Z] Обработано 884 записей в таблице shopProduct
[2026-07-04T18:31:33.974Z] Fetching products for shop: 20190327-A48C-407F-801F-DA33CB4FBBE9
[2026-07-04T18:31:34.286Z] Обработано 767 записей в таблице products
[2026-07-04T18:31:34.494Z] Обработано 767 записей в таблице shopProduct
[2026-07-04T18:31:34.495Z] Product update task completed
[2026-07-04T18:31:40.328Z] [internal] Запуск задачи: синхронизация документов
[2026-07-04T18:31:40.328Z] Таблица 'index_documents' успешно создана или уже существует
[2026-07-04T18:31:40.332Z] [ensure90Days] Найдено пробелов: 1. Заполняем...
[2026-07-04T18:31:40.445Z] [ensure90Days] Загружаем 2026-07-04 → 2026-07-04...
[2026-07-04T18:31:40.724Z] [ensure90Days]   Получено 0 документов
[2026-07-04T18:31:40.725Z] No documents provided to saveNewIndexDocuments
[2026-07-04T18:31:40.725Z] [ensure90Days] Все пробелы заполнены
[2026-07-04T18:31:41.011Z] [syncDocuments] Новых документов за 24ч: 0
[2026-07-04T18:31:41.011Z] No documents provided to saveNewIndexDocuments
[2026-07-04T18:31:41.011Z] [syncDocuments] Синхронизация завершена
[2026-07-04T18:31:41.243Z] План не найден, генерируем новый...
[2026-07-04T18:31:41.247Z] План не найден, генерируем новый...
[2026-07-04T18:31:41.642Z] employeeRole: SUPERADMIN
[2026-07-04T18:37:28.668Z] 🚀 Запуск локального сервера на http://localhost:3000
[2026-07-04T18:37:28.669Z]    БД: .wrangler/state/v3/d1/miniflare-D1DatabaseObject/77e38069f80f1e633c9f5aa7772a284a52b432b7fafc0a93a3719afdd1326ebf.sqlite
[2026-07-04T18:37:28.669Z]    Файлы: ./data/storage/
[2026-07-04T18:37:28.669Z]    Логи: ./data/logs/
[2026-07-04T18:37:28.671Z] ✅ Сервер слушает порт 3000
[2026-07-04T18:37:34.910Z] Таблица 'index_documents' успешно создана или уже существует
[2026-07-04T18:37:34.929Z] [internal] Запуск задачи: синхронизация документов
[2026-07-04T18:37:34.930Z] Таблица 'index_documents' успешно создана или уже существует
[2026-07-04T18:37:34.930Z] [ensure90Days] Найдено пробелов: 1. Заполняем...
[2026-07-04T18:37:35.197Z] [ensure90Days] Загружаем 2026-07-04 → 2026-07-04...
[2026-07-04T18:37:35.873Z] [ensure90Days]   Получено 0 документов
[2026-07-04T18:37:35.874Z] No documents provided to saveNewIndexDocuments
[2026-07-04T18:37:35.874Z] [ensure90Days] Все пробелы заполнены
[2026-07-04T18:37:36.778Z] [syncDocuments] Новых документов за 24ч: 0
[2026-07-04T18:37:36.779Z] No documents provided to saveNewIndexDocuments
[2026-07-04T18:37:36.779Z] [syncDocuments] Синхронизация завершена
[2026-07-04T18:39:35.963Z] [internal] Запуск задачи: синхронизация документов
[2026-07-04T18:39:35.963Z] Таблица 'index_documents' успешно создана или уже существует
[2026-07-04T18:39:35.964Z] [ensure90Days] Найдено пробелов: 1. Заполняем...
[2026-07-04T18:39:36.067Z] [ensure90Days] Загружаем 2026-07-04 → 2026-07-04...
[2026-07-04T18:39:36.902Z] [ensure90Days]   Получено 0 документов
[2026-07-04T18:39:36.902Z] No documents provided to saveNewIndexDocuments
[2026-07-04T18:39:36.902Z] [ensure90Days] Все пробелы заполнены
[2026-07-04T18:39:37.805Z] [syncDocuments] Новых документов за 24ч: 0
[2026-07-04T18:39:37.805Z] No documents provided to saveNewIndexDocuments
[2026-07-04T18:39:37.805Z] [syncDocuments] Синхронизация завершена
[2026-07-04T18:44:16.666Z] 🚀 Запуск локального сервера на http://localhost:3000
[2026-07-04T18:44:16.667Z]    БД: .wrangler/state/v3/d1/miniflare-D1DatabaseObject/77e38069f80f1e633c9f5aa7772a284a52b432b7fafc0a93a3719afdd1326ebf.sqlite
[2026-07-04T18:44:16.667Z]    Файлы: ./data/storage/
[2026-07-04T18:44:16.667Z]    Логи: ./data/logs/
[2026-07-04T18:44:16.668Z] ✅ Сервер слушает порт 3000
[2026-07-04T18:44:20.736Z] Таблица 'index_documents' успешно создана или уже существует
[2026-07-04T18:44:21.686Z] employeeRole: SUPERADMIN
[2026-07-04T18:48:37.767Z] 🚀 Запуск локального сервера на http://localhost:3000
[2026-07-04T18:48:37.768Z]    БД: .wrangler/state/v3/d1/miniflare-D1DatabaseObject/77e38069f80f1e633c9f5aa7772a284a52b432b7fafc0a93a3719afdd1326ebf.sqlite
[2026-07-04T18:48:37.768Z]    Файлы: ./data/storage/
[2026-07-04T18:48:37.768Z]    Логи: ./data/logs/
[2026-07-04T18:48:37.770Z] ✅ Сервер слушает порт 3000
[2026-07-04T18:48:44.862Z] Таблица 'index_documents' успешно создана или уже существует
[2026-07-04T18:53:40.123Z] 🚀 Запуск локального сервера на http://localhost:3000
[2026-07-04T18:53:40.125Z]    БД: .wrangler/state/v3/d1/miniflare-D1DatabaseObject/77e38069f80f1e633c9f5aa7772a284a52b432b7fafc0a93a3719afdd1326ebf.sqlite
[2026-07-04T18:53:40.125Z]    Файлы: ./data/storage/
[2026-07-04T18:53:40.125Z]    Логи: ./data/logs/
[2026-07-04T18:53:40.127Z] ✅ Сервер слушает порт 3000
[2026-07-04T18:53:43.721Z] Таблица 'index_documents' успешно создана или уже существует
[2026-07-04T18:53:43.940Z] employeeRole: SUPERADMIN
[2026-07-04T18:54:39.567Z] 🚀 Запуск локального сервера на http://localhost:3000
[2026-07-04T18:54:39.568Z]    БД: .wrangler/state/v3/d1/miniflare-D1DatabaseObject/77e38069f80f1e633c9f5aa7772a284a52b432b7fafc0a93a3719afdd1326ebf.sqlite
[2026-07-04T18:54:39.568Z]    Файлы: ./data/storage/
[2026-07-04T18:54:39.568Z]    Логи: ./data/logs/
[2026-07-04T18:54:39.570Z] ✅ Сервер слушает порт 3000
[2026-07-04T18:54:44.127Z] Таблица 'index_documents' успешно создана или уже существует
[2026-07-04T19:06:48.982Z] 🚀 Запуск локального сервера на http://localhost:3000
[2026-07-04T19:06:48.984Z]    БД: .wrangler/state/v3/d1/miniflare-D1DatabaseObject/77e38069f80f1e633c9f5aa7772a284a52b432b7fafc0a93a3719afdd1326ebf.sqlite
[2026-07-04T19:06:48.984Z]    Файлы: ./data/storage/
[2026-07-04T19:06:48.984Z]    Логи: ./data/logs/
[2026-07-04T19:06:48.985Z] ✅ Сервер слушает порт 3000
[2026-07-04T19:06:53.030Z] Таблица 'index_documents' успешно создана или уже существует
[2026-07-04T19:07:07.955Z] employeeRole: SUPERADMIN
[2026-07-04T19:08:14.761Z] 🚀 Запуск локального сервера на http://localhost:3000
[2026-07-04T19:08:14.762Z]    БД: .wrangler/state/v3/d1/miniflare-D1DatabaseObject/77e38069f80f1e633c9f5aa7772a284a52b432b7fafc0a93a3719afdd1326ebf.sqlite
[2026-07-04T19:08:14.762Z]    Файлы: ./data/storage/
[2026-07-04T19:08:14.762Z]    Логи: ./data/logs/
[2026-07-04T19:08:14.763Z] ✅ Сервер слушает порт 3000
[2026-07-04T19:08:16.610Z] Таблица 'index_documents' успешно создана или уже существует
[2026-07-04T19:10:20.797Z] 🚀 Запуск локального сервера на http://localhost:3000
[2026-07-04T19:10:20.798Z]    БД: .wrangler/state/v3/d1/miniflare-D1DatabaseObject/77e38069f80f1e633c9f5aa7772a284a52b432b7fafc0a93a3719afdd1326ebf.sqlite
[2026-07-04T19:10:20.798Z]    Файлы: ./data/storage/
[2026-07-04T19:10:20.798Z]    Логи: ./data/logs/
[2026-07-04T19:10:20.799Z] ✅ Сервер слушает порт 3000
[2026-07-04T19:10:25.060Z] Таблица 'index_documents' успешно создана или уже существует
[2026-07-04T20:02:38.802Z] 🚀 Запуск локального сервера на http://localhost:3000
[2026-07-04T20:02:38.804Z]    БД: .wrangler/state/v3/d1/miniflare-D1DatabaseObject/77e38069f80f1e633c9f5aa7772a284a52b432b7fafc0a93a3719afdd1326ebf.sqlite
[2026-07-04T20:02:38.804Z]    Файлы: ./data/storage/
[2026-07-04T20:02:38.804Z]    Логи: ./data/logs/
[2026-07-04T20:02:38.805Z] ✅ Сервер слушает порт 3000
[2026-07-04T20:02:44.559Z] Таблица 'index_documents' успешно создана или уже существует
[2026-07-04T20:02:44.835Z] employeeRole: SUPERADMIN
[2026-07-04T20:02:50.921Z] employeeRole: SUPERADMIN
[2026-07-05T06:40:57.205Z] 🚀 Запуск локального сервера на http://localhost:3000
[2026-07-05T06:40:57.206Z]    БД: .wrangler/state/v3/d1/miniflare-D1DatabaseObject/77e38069f80f1e633c9f5aa7772a284a52b432b7fafc0a93a3719afdd1326ebf.sqlite
[2026-07-05T06:40:57.206Z]    Файлы: ./data/storage/
[2026-07-05T06:40:57.206Z]    Логи: ./data/logs/
[2026-07-05T06:40:57.208Z] ✅ Сервер слушает порт 3000
[2026-07-05T06:41:08.900Z] Таблица 'index_documents' успешно создана или уже существует
[2026-07-05T06:43:04.000Z] 🚀 Запуск локального сервера на http://localhost:3000
[2026-07-05T06:43:04.001Z]    БД: .wrangler/state/v3/d1/miniflare-D1DatabaseObject/77e38069f80f1e633c9f5aa7772a284a52b432b7fafc0a93a3719afdd1326ebf.sqlite
[2026-07-05T06:43:04.001Z]    Файлы: ./data/storage/
[2026-07-05T06:43:04.001Z]    Логи: ./data/logs/
[2026-07-05T06:43:04.003Z] ✅ Сервер слушает порт 3000
[2026-07-05T06:43:12.810Z] Таблица 'index_documents' успешно создана или уже существует
[2026-07-05T06:43:27.870Z] employeeRole: SUPERADMIN
[2026-07-05T06:43:27.895Z] План не найден, генерируем новый...
[2026-07-05T06:43:27.898Z] План не найден, генерируем новый...
[2026-07-05T06:43:36.231Z] employeeRole: SUPERADMIN
[2026-07-05T06:46:36.024Z] 🚀 Запуск локального сервера на http://localhost:3000
[2026-07-05T06:46:36.025Z]    БД: .wrangler/state/v3/d1/miniflare-D1DatabaseObject/77e38069f80f1e633c9f5aa7772a284a52b432b7fafc0a93a3719afdd1326ebf.sqlite
[2026-07-05T06:46:36.025Z]    Файлы: ./data/storage/
[2026-07-05T06:46:36.025Z]    Логи: ./data/logs/
[2026-07-05T06:46:36.027Z] ✅ Сервер слушает порт 3000
[2026-07-05T06:46:47.594Z] Таблица 'index_documents' успешно создана или уже существует
[2026-07-06T06:31:35.097Z] 🚀 Запуск локального сервера на http://localhost:3000
[2026-07-06T06:31:35.098Z]    БД: .wrangler/state/v3/d1/miniflare-D1DatabaseObject/77e38069f80f1e633c9f5aa7772a284a52b432b7fafc0a93a3719afdd1326ebf.sqlite
[2026-07-06T06:31:35.098Z]    Файлы: ./data/storage/
[2026-07-06T06:31:35.098Z]    Логи: ./data/logs/
[2026-07-06T06:31:35.100Z] ✅ Сервер слушает порт 3000
[2026-07-06T06:31:50.846Z] Таблица 'index_documents' успешно создана или уже существует
[2026-07-06T06:34:27.101Z] 🚀 Запуск локального сервера на http://localhost:3000
[2026-07-06T06:34:27.102Z]    БД: .wrangler/state/v3/d1/miniflare-D1DatabaseObject/77e38069f80f1e633c9f5aa7772a284a52b432b7fafc0a93a3719afdd1326ebf.sqlite
[2026-07-06T06:34:27.102Z]    Файлы: ./data/storage/
[2026-07-06T06:34:27.102Z]    Логи: ./data/logs/
[2026-07-06T06:34:27.103Z] ✅ Сервер слушает порт 3000
[2026-07-06T06:34:31.037Z] Таблица 'index_documents' успешно создана или уже существует
[2026-07-06T06:34:49.055Z] RESPONSE: {
  "insights": [
    "Магазин 'Победа' за 05.07.2026 осуществил 78 продаж, все без возвратов, что указывает на высокую удовлетворенность клиентов.",
    "Выручка за день составила около 27 000 руб., 
[2026-07-06T06:34:51.009Z] RESPONSE: {
  "anomalies": [
    {
      "docId": "doc_8",
      "reason": "Цена равна себестоимости (нулевая наценка)",
      "details": "В чеке товар 'Сигареты Camel SS Play Mix' имеет цену 195 и себестоимост
[2026-07-06T06:34:53.461Z] RESPONSE: {
  "patterns": [
    {
      "description": "Основная специализация магазина — продажа сигарет и табачных изделий, которые составляют большинство транзакций.",
      "evidence": "Из 80 транзакций око
[2026-07-06T06:43:49.901Z] 🚀 Запуск локального сервера на http://localhost:3000
[2026-07-06T06:43:49.902Z]    БД: .wrangler/state/v3/d1/miniflare-D1DatabaseObject/77e38069f80f1e633c9f5aa7772a284a52b432b7fafc0a93a3719afdd1326ebf.sqlite
[2026-07-06T06:43:49.902Z]    Файлы: ./data/storage/
[2026-07-06T06:43:49.902Z]    Логи: ./data/logs/
[2026-07-06T06:43:49.903Z] ✅ Сервер слушает порт 3000
[2026-07-06T06:43:49.925Z] [cron] Планировщик запущен:
[2026-07-06T06:43:49.925Z]   syncDocuments      — каждые 30 минут
[2026-07-06T06:43:49.925Z]   updateProductsShope — каждые 6 часов
[2026-07-06T06:44:12.076Z] 🚀 Запуск локального сервера на http://localhost:3000
[2026-07-06T06:44:12.077Z]    БД: .wrangler/state/v3/d1/miniflare-D1DatabaseObject/77e38069f80f1e633c9f5aa7772a284a52b432b7fafc0a93a3719afdd1326ebf.sqlite
[2026-07-06T06:44:12.077Z]    Файлы: ./data/storage/
[2026-07-06T06:44:12.077Z]    Логи: ./data/logs/
[2026-07-06T06:44:12.078Z] ✅ Сервер слушает порт 3000
[2026-07-06T06:44:12.089Z] [cron] Планировщик запущен:
[2026-07-06T06:44:12.089Z]   syncDocuments      — каждые 30 минут
[2026-07-06T06:44:12.089Z]   updateProductsShope — каждые 6 часов
[2026-07-06T06:44:14.081Z] [cron] первичная синхронизация — запуск...
[2026-07-06T06:44:14.082Z] Таблица 'index_documents' успешно создана или уже существует
[2026-07-06T06:44:14.087Z] [ensureDays] Найдено пробелов: 1. Заполняем...
[2026-07-06T06:44:16.336Z] [ensureDays] Загружаем 2026-07-06 → 2026-07-06...
[2026-07-06T06:44:17.440Z] [ensureDays]   Получено 50 документов
[2026-07-06T06:44:17.443Z] Successfully inserted 50 documents (duplicates skipped)
[2026-07-06T06:44:17.443Z] [ensureDays] Все пробелы заполнены
[2026-07-06T06:44:18.361Z] Таблица 'index_documents' успешно создана или уже существует
[2026-07-06T06:44:18.990Z] [syncDocuments] Новых документов за 24ч: 221
[2026-07-06T06:44:18.993Z] Successfully inserted 221 documents (duplicates skipped)
[2026-07-06T06:44:18.993Z] [syncDocuments] Синхронизация завершена
[2026-07-06T06:44:18.993Z] [cron] первичная синхронизация — завершено (4912ms)
[2026-07-06T06:46:46.611Z] employeeRole: SUPERADMIN
[2026-07-06T06:47:43.671Z] Нет записей до указанной даты.
[2026-07-06T06:47:44.595Z] Список групп пуст, возвращаем пустой массив.
[2026-07-06T06:47:44.822Z] Список групп пуст, возвращаем пустой массив.
[2026-07-06T06:47:45.867Z] Список групп пуст, возвращаем пустой массив.
[2026-07-06T06:47:46.510Z] Список групп пуст, возвращаем пустой массив.
[2026-07-06T07:26:29.492Z] 🚀 Запуск локального сервера на http://localhost:3000
[2026-07-06T07:26:29.493Z]    БД: .wrangler/state/v3/d1/miniflare-D1DatabaseObject/77e38069f80f1e633c9f5aa7772a284a52b432b7fafc0a93a3719afdd1326ebf.sqlite
[2026-07-06T07:26:29.493Z]    Файлы: ./data/storage/
[2026-07-06T07:26:29.493Z]    Логи: ./data/logs/
[2026-07-06T07:26:29.494Z] ✅ Сервер слушает порт 3000
[2026-07-06T07:26:29.504Z] [cron] Планировщик запущен:
[2026-07-06T07:26:29.505Z]   syncDocuments      — каждые 30 минут
[2026-07-06T07:26:29.505Z]   updateProductsShope — каждые 6 часов
[2026-07-06T07:26:31.495Z] [cron] первичная синхронизация — запуск...
[2026-07-06T07:26:31.497Z] Таблица 'index_documents' успешно создана или уже существует
[2026-07-06T07:26:31.503Z] [ensureDays] Найдено пробелов: 1. Заполняем...
[2026-07-06T07:26:33.721Z] [ensureDays] Загружаем 2026-07-06 → 2026-07-06...
[2026-07-06T07:26:34.864Z] [ensureDays]   Получено 62 документов
[2026-07-06T07:26:34.866Z] Successfully inserted 62 documents (duplicates skipped)
[2026-07-06T07:26:34.866Z] [ensureDays] Все пробелы заполнены
[2026-07-06T07:26:36.381Z] [syncDocuments] Новых документов за 24ч: 233
[2026-07-06T07:26:36.383Z] Successfully inserted 233 documents (duplicates skipped)
[2026-07-06T07:26:36.384Z] [syncDocuments] Синхронизация завершена
[2026-07-06T07:26:36.384Z] [cron] первичная синхронизация — завершено (4889ms)
[2026-07-06T07:27:31.567Z] Таблица 'index_documents' успешно создана или уже существует
[2026-07-06T07:27:36.700Z] employeeRole: SUPERADMIN
[2026-07-06T07:27:39.363Z] employeeRole: SUPERADMIN
[2026-07-06T07:29:47.343Z] 🚀 Запуск локального сервера на http://localhost:3000
[2026-07-06T07:29:47.344Z]    БД: .wrangler/state/v3/d1/miniflare-D1DatabaseObject/77e38069f80f1e633c9f5aa7772a284a52b432b7fafc0a93a3719afdd1326ebf.sqlite
[2026-07-06T07:29:47.344Z]    Файлы: ./data/storage/
[2026-07-06T07:29:47.344Z]    Логи: ./data/logs/
[2026-07-06T07:30:10.103Z] 🚀 Запуск локального сервера на http://localhost:3000
[2026-07-06T07:30:10.104Z]    БД: .wrangler/state/v3/d1/miniflare-D1DatabaseObject/77e38069f80f1e633c9f5aa7772a284a52b432b7fafc0a93a3719afdd1326ebf.sqlite
[2026-07-06T07:30:10.104Z]    Файлы: ./data/storage/
[2026-07-06T07:30:10.104Z]    Логи: ./data/logs/
[2026-07-06T07:30:10.105Z] ✅ Сервер слушает порт 3000
[2026-07-06T07:30:10.115Z] [cron] Планировщик запущен:
[2026-07-06T07:30:10.116Z]   syncDocuments      — каждые 30 минут
[2026-07-06T07:30:10.116Z]   updateProductsShope — каждые 6 часов
[2026-07-06T07:30:12.107Z] [cron] первичная синхронизация — запуск...
[2026-07-06T07:30:12.108Z] Таблица 'index_documents' успешно создана или уже существует
[2026-07-06T07:30:12.111Z] [ensureDays] Найдено пробелов: 1. Заполняем...
[2026-07-06T07:30:17.297Z] [ensureDays] Загружаем 2026-07-06 → 2026-07-06...
[2026-07-06T07:30:18.499Z] [ensureDays]   Получено 63 документов
[2026-07-06T07:30:18.500Z] Successfully inserted 63 documents (duplicates skipped)
[2026-07-06T07:30:18.500Z] [ensureDays] Все пробелы заполнены
[2026-07-06T07:30:19.385Z] Таблица 'index_documents' успешно создана или уже существует
[2026-07-06T07:30:19.989Z] [syncDocuments] Новых документов за 24ч: 234
[2026-07-06T07:30:19.991Z] Successfully inserted 234 documents (duplicates skipped)
[2026-07-06T07:30:19.992Z] [syncDocuments] Синхронизация завершена
[2026-07-06T07:30:19.992Z] [cron] первичная синхронизация — завершено (7885ms)
[2026-07-06T07:32:10.813Z] employeeRole: SUPERADMIN
[2026-07-06T07:32:15.317Z] employeeRole: SUPERADMIN
[2026-07-06T07:32:17.420Z] employeeRole: SUPERADMIN
[2026-07-06T07:35:56.648Z] 🚀 Запуск локального сервера на http://localhost:3000
[2026-07-06T07:35:56.650Z]    БД: .wrangler/state/v3/d1/miniflare-D1DatabaseObject/77e38069f80f1e633c9f5aa7772a284a52b432b7fafc0a93a3719afdd1326ebf.sqlite
[2026-07-06T07:35:56.650Z]    Файлы: ./data/storage/
[2026-07-06T07:35:56.650Z]    Логи: ./data/logs/
[2026-07-06T07:35:56.651Z] ✅ Сервер слушает порт 3000
[2026-07-06T07:35:56.661Z] [cron] Планировщик запущен:
[2026-07-06T07:35:56.661Z]   syncDocuments      — каждые 30 минут
[2026-07-06T07:35:56.661Z]   updateProductsShope — каждые 6 часов
[2026-07-06T07:35:58.653Z] [cron] первичная синхронизация — запуск...
[2026-07-06T07:35:58.654Z] Таблица 'index_documents' успешно создана или уже существует
[2026-07-06T07:35:58.655Z] [ensureDays] Найдено пробелов: 1. Заполняем...
[2026-07-06T07:36:00.504Z] Таблица 'index_documents' успешно создана или уже существует
[2026-07-06T07:36:03.855Z] [ensureDays] Загружаем 2026-07-06 → 2026-07-06...
[2026-07-06T07:36:05.011Z] [ensureDays]   Получено 64 документов
[2026-07-06T07:36:05.012Z] Successfully inserted 64 documents (duplicates skipped)
[2026-07-06T07:36:05.012Z] [ensureDays] Все пробелы заполнены
[2026-07-06T07:36:06.603Z] [syncDocuments] Новых документов за 24ч: 235
[2026-07-06T07:36:06.606Z] Successfully inserted 235 documents (duplicates skipped)
[2026-07-06T07:36:06.606Z] [syncDocuments] Синхронизация завершена
[2026-07-06T07:36:06.606Z] [cron] первичная синхронизация — завершено (7953ms)
[2026-07-06T07:36:53.471Z] employeeRole: SUPERADMIN
[2026-07-06T07:40:08.901Z] 🚀 Запуск локального сервера на http://localhost:3000
[2026-07-06T07:40:08.903Z]    БД: .wrangler/state/v3/d1/miniflare-D1DatabaseObject/77e38069f80f1e633c9f5aa7772a284a52b432b7fafc0a93a3719afdd1326ebf.sqlite
[2026-07-06T07:40:08.903Z]    Файлы: ./data/storage/
[2026-07-06T07:40:08.903Z]    Логи: ./data/logs/
[2026-07-06T07:40:08.904Z] ✅ Сервер слушает порт 3000
[2026-07-06T07:40:08.915Z] [cron] Планировщик запущен:
[2026-07-06T07:40:08.915Z]   syncDocuments      — каждые 30 минут
[2026-07-06T07:40:08.915Z]   updateProductsShope — каждые 6 часов
[2026-07-06T07:40:10.905Z] [cron] первичная синхронизация — запуск...
[2026-07-06T07:40:10.906Z] Таблица 'index_documents' успешно создана или уже существует
[2026-07-06T07:40:10.913Z] [ensureDays] Найдено пробелов: 1. Заполняем...
[2026-07-06T07:40:16.120Z] [ensureDays] Загружаем 2026-07-06 → 2026-07-06...
[2026-07-06T07:40:17.383Z] [ensureDays]   Получено 64 документов
[2026-07-06T07:40:17.384Z] Successfully inserted 64 documents (duplicates skipped)
[2026-07-06T07:40:17.384Z] [ensureDays] Все пробелы заполнены
[2026-07-06T07:40:18.916Z] [syncDocuments] Новых документов за 24ч: 235
[2026-07-06T07:40:18.919Z] Successfully inserted 235 documents (duplicates skipped)
[2026-07-06T07:40:18.919Z] [syncDocuments] Синхронизация завершена
[2026-07-06T07:40:18.919Z] [cron] первичная синхронизация — завершено (8014ms)
[2026-07-06T07:40:20.099Z] Таблица 'index_documents' успешно создана или уже существует
[2026-07-06T07:41:58.860Z] employeeRole: SUPERADMIN
[2026-07-06T07:42:37.714Z] 🚀 Запуск локального сервера на http://localhost:3000
[2026-07-06T07:42:37.716Z]    БД: .wrangler/state/v3/d1/miniflare-D1DatabaseObject/77e38069f80f1e633c9f5aa7772a284a52b432b7fafc0a93a3719afdd1326ebf.sqlite
[2026-07-06T07:42:37.716Z]    Файлы: ./data/storage/
[2026-07-06T07:42:37.716Z]    Логи: ./data/logs/
[2026-07-06T07:42:37.717Z] ✅ Сервер слушает порт 3000
[2026-07-06T07:42:37.726Z] [cron] Планировщик запущен:
[2026-07-06T07:42:37.727Z]   syncDocuments      — каждые 30 минут
[2026-07-06T07:42:37.727Z]   updateProductsShope — каждые 6 часов
[2026-07-06T07:42:39.718Z] [cron] первичная синхронизация — запуск...
[2026-07-06T07:42:39.720Z] Таблица 'index_documents' успешно создана или уже существует
[2026-07-06T07:42:39.729Z] [ensureDays] Найдено пробелов: 1. Заполняем...
[2026-07-06T07:42:39.881Z] [ensureDays] Загружаем 2026-07-02 → 2026-07-06...
[2026-07-06T07:42:41.667Z] [ensureDays]   Получено 928 документов
[2026-07-06T07:42:41.687Z] Successfully inserted 928 documents (duplicates skipped)
[2026-07-06T07:42:41.687Z] [ensureDays] Все пробелы заполнены
[2026-07-06T07:42:42.906Z] [syncDocuments] Новых документов за 24ч: 235
[2026-07-06T07:42:42.911Z] Successfully inserted 235 documents (duplicates skipped)
[2026-07-06T07:42:42.912Z] [syncDocuments] Синхронизация завершена
[2026-07-06T07:42:42.912Z] [cron] первичная синхронизация — завершено (3194ms)
[2026-07-06T07:42:50.266Z] Таблица 'index_documents' успешно создана или уже существует
[2026-07-06T07:43:23.381Z] employeeRole: SUPERADMIN
[2026-07-06T07:43:38.980Z] employeeRole: SUPERADMIN
[2026-07-06T07:43:56.825Z] 🚀 Запуск локального сервера на http://localhost:3000
[2026-07-06T07:43:56.826Z]    БД: .wrangler/state/v3/d1/miniflare-D1DatabaseObject/77e38069f80f1e633c9f5aa7772a284a52b432b7fafc0a93a3719afdd1326ebf.sqlite
[2026-07-06T07:43:56.826Z]    Файлы: ./data/storage/
[2026-07-06T07:43:56.826Z]    Логи: ./data/logs/
[2026-07-06T07:43:56.828Z] ✅ Сервер слушает порт 3000
[2026-07-06T07:43:56.837Z] [cron] Планировщик запущен:
[2026-07-06T07:43:56.837Z]   syncDocuments      — каждые 30 минут
[2026-07-06T07:43:56.837Z]   updateProductsShope — каждые 6 часов
[2026-07-06T07:43:58.829Z] [cron] первичная синхронизация — запуск...
[2026-07-06T07:43:58.830Z] Таблица 'index_documents' успешно создана или уже существует
[2026-07-06T07:43:58.833Z] [ensureDays] Найдено пробелов: 1. Заполняем...
[2026-07-06T07:43:59.015Z] [ensureDays] Загружаем 2026-04-07 → 2026-07-06...
[2026-07-06T07:44:06.758Z] Таблица 'index_documents' успешно создана или уже существует
[2026-07-06T07:44:06.942Z] employeeRole: SUPERADMIN
[2026-07-06T07:44:08.611Z] [ensureDays]   Получено 20121 документов
[2026-07-06T07:44:08.987Z] Successfully inserted 20121 documents (duplicates skipped)
[2026-07-06T07:44:08.990Z] [ensureDays] Все пробелы заполнены
[2026-07-06T07:44:10.369Z] [syncDocuments] Новых документов за 24ч: 235
[2026-07-06T07:44:10.373Z] Successfully inserted 235 documents (duplicates skipped)
[2026-07-06T07:44:10.373Z] [syncDocuments] Синхронизация завершена
[2026-07-06T07:44:10.373Z] [cron] первичная синхронизация — завершено (11544ms)
[2026-07-06T07:54:11.390Z] 🚀 Запуск локального сервера на http://localhost:3000
[2026-07-06T07:54:11.391Z]    БД: .wrangler/state/v3/d1/miniflare-D1DatabaseObject/77e38069f80f1e633c9f5aa7772a284a52b432b7fafc0a93a3719afdd1326ebf.sqlite
[2026-07-06T07:54:11.391Z]    Файлы: ./data/storage/
[2026-07-06T07:54:11.391Z]    Логи: ./data/logs/
[2026-07-06T07:54:11.392Z] ✅ Сервер слушает порт 3000
[2026-07-06T07:54:11.402Z] [cron] Планировщик запущен:
[2026-07-06T07:54:11.402Z]   syncDocuments      — каждые 30 минут
[2026-07-06T07:54:11.402Z]   updatePlans        — каждые 6 часов
[2026-07-06T07:54:11.402Z]   updateSalesByPlan  — каждые 6 часов
[2026-07-06T07:54:11.402Z]   calcSalary         — каждые 6 часов
[2026-07-06T07:54:11.402Z]   updateProductsShope — каждые 6 часов
[2026-07-06T07:54:13.394Z] [cron] первичная синхронизация — запуск...
[2026-07-06T07:54:13.396Z] Таблица 'index_documents' успешно создана или уже существует
[2026-07-06T07:54:13.455Z] [ensureDays] Пробелов нет, все 90 дней на месте
[2026-07-06T07:54:15.132Z] [syncDocuments] Новых документов за 24ч: 236
[2026-07-06T07:54:15.138Z] Successfully inserted 236 documents (duplicates skipped)
[2026-07-06T07:54:15.138Z] [syncDocuments] Синхронизация завершена
[2026-07-06T07:54:15.138Z] [cron] первичная синхронизация — завершено (1744ms)
[2026-07-06T07:54:26.394Z] [startup] Расчет планов и зарплат...
[2026-07-06T07:54:26.394Z] [cron] План продаж — запуск...
[2026-07-06T07:54:26.395Z] Старт функции updatePlan
[2026-07-06T07:54:26.395Z] Дата для плана: 06-07-2026
[2026-07-06T07:54:26.397Z] Получены UUID товаров: 175 шт.
[2026-07-06T07:54:28.003Z] Таблица 'index_documents' успешно создана или уже существует
[2026-07-06T07:54:29.248Z] Получено записей плана: 3
[2026-07-06T07:54:29.249Z] План обновлён: 3 магазинов за 06-07-2026
[2026-07-06T07:54:29.249Z] Обновление базы данных плана завершено успешно
[2026-07-06T07:54:29.249Z] [cron] План продаж — завершено (2855ms)
[2026-07-06T07:54:29.249Z] [cron] Продажи по плану — запуск...
[2026-07-06T07:54:29.250Z] Таблица 'SaleByPlan' успешно создана или уже существует.
[2026-07-06T07:54:29.250Z] Initialized dates: [object Object]
[2026-07-06T07:54:31.006Z] Данные SaleByPlan обновлены.
[2026-07-06T07:54:32.930Z] Данные SaleByPlan обновлены.
[2026-07-06T07:54:34.074Z] Данные SaleByPlan обновлены.
[2026-07-06T07:54:34.074Z] Final sales data: [object Object]
[2026-07-06T07:54:34.075Z] [cron] Продажи по плану — завершено (4826ms)
[2026-07-06T07:54:34.076Z] [cron] Зарплата — запуск...
[2026-07-06T07:54:34.076Z] Accessories UUIDs: 
[2026-07-06T07:54:35.892Z] Salary and bonus: 
[2026-07-06T07:54:43.588Z] Accessories sales: 0
[2026-07-06T07:54:44.622Z] Salary report: [object Object]
[2026-07-06T07:54:44.622Z] Таблица 'salaryData' успешно создана или уже существует.
[2026-07-06T07:54:44.623Z] Данные сохранены в таблицу salaryData.
[2026-07-06T07:54:52.385Z] Accessories sales: 0
[2026-07-06T07:54:53.476Z] Salary report: [object Object]
[2026-07-06T07:54:53.476Z] Таблица 'salaryData' успешно создана или уже существует.
[2026-07-06T07:54:53.477Z] Данные сохранены в таблицу salaryData.
[2026-07-06T07:55:01.219Z] Accessories sales: 0
[2026-07-06T07:55:02.232Z] Salary report: [object Object]
[2026-07-06T07:55:02.232Z] Таблица 'salaryData' успешно создана или уже существует.
[2026-07-06T07:55:02.232Z] Данные сохранены в таблицу salaryData.
[2026-07-06T07:55:02.233Z] [cron] Зарплата — завершено (28157ms)
[2026-07-06T07:55:02.233Z] [startup] Планы и зарплаты — готово
[2026-07-06T08:00:00.019Z] [cron] syncDocuments — запуск...
[2026-07-06T08:00:00.022Z] Таблица 'index_documents' успешно создана или уже существует
[2026-07-06T08:00:00.078Z] [ensureDays] Пробелов нет, все 90 дней на месте
[2026-07-06T08:00:03.921Z] [syncDocuments] Новых документов за 24ч: 236
[2026-07-06T08:00:03.930Z] Successfully inserted 236 documents (duplicates skipped)
[2026-07-06T08:00:03.930Z] [syncDocuments] Синхронизация завершена
[2026-07-06T08:00:03.930Z] [cron] syncDocuments — завершено (3911ms)
[2026-07-06T08:30:00.002Z] [cron] syncDocuments — запуск...
[2026-07-06T08:30:00.007Z] Таблица 'index_documents' успешно создана или уже существует
[2026-07-06T08:30:00.074Z] [ensureDays] Пробелов нет, все 90 дней на месте
[2026-07-06T08:30:06.372Z] [syncDocuments] Новых документов за 24ч: 239
[2026-07-06T08:30:06.381Z] Successfully inserted 239 documents (duplicates skipped)
[2026-07-06T08:30:06.382Z] [syncDocuments] Синхронизация завершена
[2026-07-06T08:30:06.382Z] [cron] syncDocuments — завершено (6380ms)
[2026-07-06T09:00:00.002Z] [cron] syncDocuments — запуск...
[2026-07-06T09:00:00.009Z] Таблица 'index_documents' успешно создана или уже существует
[2026-07-06T09:00:00.065Z] [ensureDays] Пробелов нет, все 90 дней на месте
[2026-07-06T09:00:00.067Z] [cron] updatePlans — запуск...
[2026-07-06T09:00:00.067Z] Старт функции updatePlan
[2026-07-06T09:00:00.067Z] Дата для плана: 06-07-2026
[2026-07-06T09:00:00.067Z] [cron] updateSalesByPlan — запуск...
[2026-07-06T09:00:00.067Z] [cron] calcSalary — запуск...
[2026-07-06T09:00:00.067Z] Таблица 'SaleByPlan' успешно создана или уже существует.
[2026-07-06T09:00:00.067Z] Получены UUID товаров: 175 шт.
[2026-07-06T09:00:00.068Z] Initialized dates: [object Object]
[2026-07-06T09:00:00.068Z] Accessories UUIDs: 
[2026-07-06T09:00:00.069Z] [cron] updateProductsShope — запуск...
[2026-07-06T09:00:00.069Z] Таблица 'shopProduct' успешно создана или уже существует.
[2026-07-06T09:00:06.346Z] [syncDocuments] Новых документов за 24ч: 245
[2026-07-06T09:00:06.353Z] Successfully inserted 245 documents (duplicates skipped)
[2026-07-06T09:00:06.354Z] [syncDocuments] Синхронизация завершена
[2026-07-06T09:00:06.354Z] [cron] syncDocuments — завершено (6352ms)
[2026-07-06T09:00:10.901Z] Данные SaleByPlan обновлены.
[2026-07-06T09:00:11.400Z] Salary and bonus: 
[2026-07-06T09:00:11.987Z] Данные SaleByPlan обновлены.
[2026-07-06T09:00:12.876Z] Данные SaleByPlan обновлены.
[2026-07-06T09:00:12.877Z] Final sales data: [object Object]
[2026-07-06T09:00:12.877Z] [cron] updateSalesByPlan — завершено (12810ms)
[2026-07-06T09:00:13.331Z] Получено записей плана: 3
[2026-07-06T09:00:13.331Z] План обновлён: 3 магазинов за 06-07-2026
[2026-07-06T09:00:13.332Z] Обновление базы данных плана завершено успешно
[2026-07-06T09:00:13.332Z] [cron] updatePlans — завершено (13265ms)
[2026-07-06T09:00:19.516Z] Accessories sales: 0
[2026-07-06T09:00:20.279Z] Salary report: [object Object]
[2026-07-06T09:00:20.280Z] Таблица 'salaryData' успешно создана или уже существует.
[2026-07-06T09:00:20.281Z] Запись за 05-07-2026 / 20251229-316B-40A1-80F7-C59E5B8E6831 уже существует. Пропуск.
[2026-07-06T09:00:27.962Z] Accessories sales: 0
[2026-07-06T09:00:28.984Z] Salary report: [object Object]
[2026-07-06T09:00:28.985Z] Таблица 'salaryData' успешно создана или уже существует.
[2026-07-06T09:00:28.985Z] Запись за 05-07-2026 / 20260103-425F-4044-8093-F2008B89A33B уже существует. Пропуск.
[2026-07-06T09:00:37.996Z] Accessories sales: 0
[2026-07-06T09:00:38.713Z] Salary report: [object Object]
[2026-07-06T09:00:38.714Z] Таблица 'salaryData' успешно создана или уже существует.
[2026-07-06T09:00:38.714Z] Запись за 05-07-2026 / 20260103-7090-403D-8015-DE08E5B1138E уже существует. Пропуск.
[2026-07-06T09:00:38.714Z] [cron] calcSalary — завершено (38647ms)
[2026-07-06T09:30:00.005Z] [cron] syncDocuments — запуск...
[2026-07-06T09:30:00.008Z] Таблица 'index_documents' успешно создана или уже существует
[2026-07-06T09:30:00.066Z] [ensureDays] Пробелов нет, все 90 дней на месте
[2026-07-06T09:30:03.581Z] [syncDocuments] Новых документов за 24ч: 249
[2026-07-06T09:30:03.590Z] Successfully inserted 249 documents (duplicates skipped)
[2026-07-06T09:30:03.591Z] [syncDocuments] Синхронизация завершена
[2026-07-06T09:30:03.591Z] [cron] syncDocuments — завершено (3586ms)
[2026-07-06T10:00:00.152Z] [cron] syncDocuments — запуск...
[2026-07-06T10:00:00.159Z] Таблица 'index_documents' успешно создана или уже существует
[2026-07-06T10:00:00.220Z] [ensureDays] Пробелов нет, все 90 дней на месте
[2026-07-06T10:00:06.696Z] [syncDocuments] Новых документов за 24ч: 257
[2026-07-06T10:00:06.706Z] Successfully inserted 257 documents (duplicates skipped)
[2026-07-06T10:00:06.706Z] [syncDocuments] Синхронизация завершена
[2026-07-06T10:00:06.706Z] [cron] syncDocuments — завершено (6554ms)
[2026-07-06T12:30:00.008Z] [cron] syncDocuments — запуск...
[2026-07-06T12:30:00.012Z] Таблица 'index_documents' успешно создана или уже существует
[2026-07-06T12:30:00.096Z] [ensureDays] Пробелов нет, все 90 дней на месте
[2026-07-06T12:30:06.362Z] [syncDocuments] Новых документов за 24ч: 298
[2026-07-06T12:30:06.373Z] Successfully inserted 298 documents (duplicates skipped)
[2026-07-06T12:30:06.374Z] [syncDocuments] Синхронизация завершена
[2026-07-06T12:30:06.374Z] [cron] syncDocuments — завершено (6366ms)
[2026-07-06T13:30:00.007Z] [cron] syncDocuments — запуск...
[2026-07-06T13:30:00.009Z] Таблица 'index_documents' успешно создана или уже существует
[2026-07-06T13:30:00.068Z] [ensureDays] Пробелов нет, все 90 дней на месте
[2026-07-06T13:30:03.509Z] [syncDocuments] Новых документов за 24ч: 314
[2026-07-06T13:30:03.515Z] Successfully inserted 314 documents (duplicates skipped)
[2026-07-06T13:30:03.515Z] [syncDocuments] Синхронизация завершена
[2026-07-06T13:30:03.515Z] [cron] syncDocuments — завершено (3508ms)
[2026-07-06T13:51:44.975Z] 🚀 Запуск локального сервера на http://localhost:3000
[2026-07-06T13:51:44.976Z]    БД: .wrangler/state/v3/d1/miniflare-D1DatabaseObject/77e38069f80f1e633c9f5aa7772a284a52b432b7fafc0a93a3719afdd1326ebf.sqlite
[2026-07-06T13:51:44.976Z]    Файлы: ./data/storage/
[2026-07-06T13:51:44.976Z]    Логи: ./data/logs/
[2026-07-06T13:51:44.978Z] ✅ Сервер слушает порт 3000
[2026-07-06T13:51:44.990Z] [cron] Планировщик запущен:
[2026-07-06T13:51:44.990Z]   syncDocuments      — каждые 30 минут
[2026-07-06T13:51:44.990Z]   updatePlans        — каждые 6 часов
[2026-07-06T13:51:44.990Z]   updateSalesByPlan  — каждые 6 часов
[2026-07-06T13:51:44.990Z]   calcSalary         — каждые 6 часов
[2026-07-06T13:51:44.990Z]   updateProductsShope — каждые 6 часов
[2026-07-06T13:51:46.979Z] [cron] первичная синхронизация — запуск...
[2026-07-06T13:51:46.980Z] Таблица 'index_documents' успешно создана или уже существует
[2026-07-06T13:51:47.027Z] [ensureDays] Пробелов нет, все 90 дней на месте
[2026-07-06T13:51:53.653Z] [syncDocuments] Новых документов за 24ч: 321
[2026-07-06T13:51:53.656Z] Successfully inserted 321 documents (duplicates skipped)
[2026-07-06T13:51:53.656Z] [syncDocuments] Синхронизация завершена
[2026-07-06T13:51:53.656Z] [cron] первичная синхронизация — завершено (6677ms)
[2026-07-06T13:51:59.978Z] [startup] Расчет планов и зарплат...
[2026-07-06T13:51:59.979Z] [cron] План продаж — запуск...
[2026-07-06T13:51:59.979Z] Старт функции updatePlan
[2026-07-06T13:51:59.979Z] Дата для плана: 06-07-2026
[2026-07-06T13:51:59.982Z] Получены UUID товаров: 175 шт.
[2026-07-06T13:52:05.688Z] Таблица 'index_documents' успешно создана или уже существует
[2026-07-06T13:52:12.498Z] Получено записей плана: 3
[2026-07-06T13:52:12.498Z] План обновлён: 3 магазинов за 06-07-2026
[2026-07-06T13:52:12.498Z] Обновление базы данных плана завершено успешно
[2026-07-06T13:52:12.498Z] [cron] План продаж — завершено (12519ms)
[2026-07-06T13:52:12.498Z] [cron] Продажи по плану — запуск...
[2026-07-06T13:52:12.499Z] Таблица 'SaleByPlan' успешно создана или уже существует.
[2026-07-06T13:52:12.499Z] Initialized dates: [object Object]
[2026-07-06T13:52:13.659Z] Данные SaleByPlan обновлены.
[2026-07-06T13:52:14.630Z] Данные SaleByPlan обновлены.
[2026-07-06T13:52:15.760Z] Данные SaleByPlan обновлены.
[2026-07-06T13:52:15.760Z] Final sales data: [object Object]
[2026-07-06T13:52:15.761Z] [cron] Продажи по плану — завершено (3263ms)
[2026-07-06T13:52:15.761Z] [cron] Зарплата — запуск...
[2026-07-06T13:52:15.761Z] Accessories UUIDs: 
[2026-07-06T13:52:17.809Z] Salary and bonus: 
[2026-07-06T13:52:25.491Z] Accessories sales: 0
[2026-07-06T13:52:26.615Z] Salary report: [object Object]
[2026-07-06T13:52:26.615Z] Таблица 'salaryData' успешно создана или уже существует.
[2026-07-06T13:52:26.615Z] Запись за 05-07-2026 / 20251229-316B-40A1-80F7-C59E5B8E6831 уже существует. Пропуск.
[2026-07-06T13:52:34.797Z] Accessories sales: 0
[2026-07-06T13:52:36.036Z] Salary report: [object Object]
[2026-07-06T13:52:36.036Z] Таблица 'salaryData' успешно создана или уже существует.
[2026-07-06T13:52:36.036Z] Запись за 05-07-2026 / 20260103-425F-4044-8093-F2008B89A33B уже существует. Пропуск.
[2026-07-06T13:52:43.650Z] Accessories sales: 0
[2026-07-06T13:52:44.686Z] Salary report: [object Object]
[2026-07-06T13:52:44.686Z] Таблица 'salaryData' успешно создана или уже существует.
[2026-07-06T13:52:44.687Z] Запись за 05-07-2026 / 20260103-7090-403D-8015-DE08E5B1138E уже существует. Пропуск.
[2026-07-06T13:52:44.687Z] [cron] Зарплата — завершено (28926ms)
[2026-07-06T13:52:44.687Z] [startup] Планы и зарплаты — готово
[2026-07-06T14:00:00.003Z] [cron] syncDocuments — запуск...
[2026-07-06T14:00:00.006Z] Таблица 'index_documents' успешно создана или уже существует
[2026-07-06T14:00:00.066Z] [ensureDays] Пробелов нет, все 90 дней на месте
[2026-07-06T14:00:06.507Z] [syncDocuments] Новых документов за 24ч: 323
[2026-07-06T14:00:06.513Z] Successfully inserted 323 documents (duplicates skipped)
[2026-07-06T14:00:06.513Z] [syncDocuments] Синхронизация завершена
[2026-07-06T14:00:06.513Z] [cron] syncDocuments — завершено (6510ms)
[2026-07-06T14:15:25.562Z] employeeRole: SUPERADMIN
[2026-07-06T14:16:31.538Z] employeeRole: SUPERADMIN
[2026-07-06T14:22:42.986Z] employeeRole: SUPERADMIN
[2026-07-06T14:22:56.368Z] employeeRole: SUPERADMIN
[2026-07-06T14:30:00.036Z] [cron] syncDocuments — запуск...
[2026-07-06T14:30:00.044Z] Таблица 'index_documents' успешно создана или уже существует
[2026-07-06T14:30:00.166Z] [ensureDays] Пробелов нет, все 90 дней на месте
[2026-07-06T14:30:06.558Z] [syncDocuments] Новых документов за 24ч: 334
[2026-07-06T14:30:06.570Z] Successfully inserted 334 documents (duplicates skipped)
[2026-07-06T14:30:06.570Z] [syncDocuments] Синхронизация завершена
[2026-07-06T14:30:06.571Z] [cron] syncDocuments — завершено (6535ms)
[2026-07-06T14:40:10.584Z] 🚀 Запуск локального сервера на http://localhost:3000
[2026-07-06T14:40:10.585Z]    БД: .wrangler/state/v3/d1/miniflare-D1DatabaseObject/77e38069f80f1e633c9f5aa7772a284a52b432b7fafc0a93a3719afdd1326ebf.sqlite
[2026-07-06T14:40:10.585Z]    Файлы: ./data/storage/
[2026-07-06T14:40:10.585Z]    Логи: ./data/logs/
[2026-07-06T14:40:10.586Z] ✅ Сервер слушает порт 3000
[2026-07-06T14:40:10.597Z] [cron] Планировщик запущен:
[2026-07-06T14:40:10.597Z]   syncDocuments      — каждые 30 минут
[2026-07-06T14:40:10.597Z]   updatePlans        — каждые 6 часов
[2026-07-06T14:40:10.597Z]   updateSalesByPlan  — каждые 6 часов
[2026-07-06T14:40:10.597Z]   calcSalary         — каждые 6 часов
[2026-07-06T14:40:10.597Z]   updateProductsShope — каждые 6 часов
[2026-07-06T14:40:12.588Z] [cron] первичная синхронизация — запуск...
[2026-07-06T14:40:12.588Z] Таблица 'index_documents' успешно создана или уже существует
[2026-07-06T14:40:12.627Z] [ensureDays] Пробелов нет, все 90 дней на месте
[2026-07-06T14:40:18.903Z] [syncDocuments] Новых документов за 24ч: 339
[2026-07-06T14:40:18.907Z] Successfully inserted 339 documents (duplicates skipped)
[2026-07-06T14:40:18.907Z] [syncDocuments] Синхронизация завершена
[2026-07-06T14:40:18.907Z] [cron] первичная синхронизация — завершено (6319ms)
[2026-07-06T14:40:25.588Z] [startup] Расчет планов и зарплат...
[2026-07-06T14:40:25.588Z] [cron] План продаж — запуск...
[2026-07-06T14:40:25.588Z] Старт функции updatePlan
[2026-07-06T14:40:25.588Z] Дата для плана: 06-07-2026
[2026-07-06T14:40:25.589Z] Получены UUID товаров: 175 шт.
[2026-07-06T14:40:38.058Z] Получено записей плана: 3
[2026-07-06T14:40:38.058Z] План обновлён: 3 магазинов за 06-07-2026
[2026-07-06T14:40:38.058Z] Обновление базы данных плана завершено успешно
[2026-07-06T14:40:38.058Z] [cron] План продаж — завершено (12470ms)
[2026-07-06T14:40:38.058Z] [cron] Продажи по плану — запуск...
[2026-07-06T14:40:38.059Z] Таблица 'SaleByPlan' успешно создана или уже существует.
[2026-07-06T14:40:38.059Z] Initialized dates: [object Object]
[2026-07-06T14:40:39.296Z] Данные SaleByPlan обновлены.
[2026-07-06T14:40:40.272Z] Данные SaleByPlan обновлены.
[2026-07-06T14:40:41.042Z] Таблица 'index_documents' успешно создана или уже существует
[2026-07-06T14:40:41.229Z] Данные SaleByPlan обновлены.
[2026-07-06T14:40:41.229Z] Final sales data: [object Object]
[2026-07-06T14:40:41.230Z] [cron] Продажи по плану — завершено (3172ms)
[2026-07-06T14:40:41.230Z] [cron] Зарплата — запуск...
[2026-07-06T14:40:41.230Z] Accessories UUIDs: 
[2026-07-06T14:40:42.910Z] Salary and bonus: 
[2026-07-06T14:40:50.637Z] Accessories sales: 0
[2026-07-06T14:40:51.656Z] Salary report: [object Object]
[2026-07-06T14:40:51.656Z] Таблица 'salaryData' успешно создана или уже существует.
[2026-07-06T14:40:51.657Z] Запись за 05-07-2026 / 20251229-316B-40A1-80F7-C59E5B8E6831 уже существует. Пропуск.
[2026-07-06T14:40:59.324Z] Accessories sales: 0
[2026-07-06T14:41:00.352Z] Salary report: [object Object]
[2026-07-06T14:41:00.352Z] Таблица 'salaryData' успешно создана или уже существует.
[2026-07-06T14:41:00.353Z] Запись за 05-07-2026 / 20260103-425F-4044-8093-F2008B89A33B уже существует. Пропуск.
[2026-07-06T14:41:07.985Z] Accessories sales: 0
[2026-07-06T14:41:08.979Z] Salary report: [object Object]
[2026-07-06T14:41:08.979Z] Таблица 'salaryData' успешно создана или уже существует.
[2026-07-06T14:41:08.980Z] Запись за 05-07-2026 / 20260103-7090-403D-8015-DE08E5B1138E уже существует. Пропуск.
[2026-07-06T14:41:08.980Z] [cron] Зарплата — завершено (27750ms)
[2026-07-06T14:41:08.980Z] [startup] Планы и зарплаты — готово
[2026-07-06T14:42:16.596Z] employeeRole: SUPERADMIN
[2026-07-06T15:00:00.002Z] [cron] updatePlans — запуск...
[2026-07-06T15:00:00.005Z] Старт функции updatePlan
[2026-07-06T15:00:00.005Z] Дата для плана: 06-07-2026
[2026-07-06T15:00:00.006Z] [cron] updateSalesByPlan — запуск...
[2026-07-06T15:00:00.006Z] [cron] calcSalary — запуск...
[2026-07-06T15:00:00.006Z] Таблица 'SaleByPlan' успешно создана или уже существует.
[2026-07-06T15:00:00.006Z] Получены UUID товаров: 175 шт.
[2026-07-06T15:00:00.008Z] Initialized dates: [object Object]
[2026-07-06T15:00:00.008Z] Accessories UUIDs: 
[2026-07-06T15:00:00.009Z] [cron] updateProductsShope — запуск...
[2026-07-06T15:00:00.009Z] Таблица 'shopProduct' успешно создана или уже существует.
[2026-07-06T15:00:00.009Z] [cron] syncDocuments — запуск...
[2026-07-06T15:00:00.010Z] Таблица 'index_documents' успешно создана или уже существует
[2026-07-06T15:00:00.053Z] [ensureDays] Пробелов нет, все 90 дней на месте
[2026-07-06T15:00:06.709Z] Salary and bonus: 
[2026-07-06T15:00:10.440Z] Обработано 1314 записей в таблице shopProduct
[2026-07-06T15:00:10.441Z] Ensuring products table exists for shop: 20251229-316B-40A1-80F7-C59E5B8E6831
[2026-07-06T15:00:11.022Z] Обработано 1169 записей в таблице shopProduct
[2026-07-06T15:00:11.022Z] Ensuring products table exists for shop: 20260103-425F-4044-8093-F2008B89A33B
[2026-07-06T15:00:11.364Z] Данные SaleByPlan обновлены.
[2026-07-06T15:00:11.498Z] Обработано 1171 записей в таблице shopProduct
[2026-07-06T15:00:11.498Z] Ensuring products table exists for shop: 20260103-7090-403D-8015-DE08E5B1138E
[2026-07-06T15:00:11.498Z] [cron] updateProductsShope — завершено (11489ms)
[2026-07-06T15:00:12.172Z] Данные SaleByPlan обновлены.
[2026-07-06T15:00:13.202Z] Данные SaleByPlan обновлены.
[2026-07-06T15:00:13.202Z] Final sales data: [object Object]
[2026-07-06T15:00:13.202Z] [cron] updateSalesByPlan — завершено (13196ms)
[2026-07-06T15:00:14.421Z] Accessories sales: 0
[2026-07-06T15:00:15.405Z] Salary report: [object Object]
[2026-07-06T15:00:15.405Z] Таблица 'salaryData' успешно создана или уже существует.
[2026-07-06T15:00:15.405Z] Запись за 05-07-2026 / 20251229-316B-40A1-80F7-C59E5B8E6831 уже существует. Пропуск.
[2026-07-06T15:00:16.957Z] Получено записей плана: 3
[2026-07-06T15:00:16.957Z] План обновлён: 3 магазинов за 06-07-2026
[2026-07-06T15:00:16.957Z] Обновление базы данных плана завершено успешно
[2026-07-06T15:00:16.957Z] [cron] updatePlans — завершено (16955ms)
[2026-07-06T15:00:23.055Z] Accessories sales: 0
[2026-07-06T15:00:24.113Z] Salary report: [object Object]
[2026-07-06T15:00:24.113Z] Таблица 'salaryData' успешно создана или уже существует.
[2026-07-06T15:00:24.113Z] Запись за 05-07-2026 / 20260103-425F-4044-8093-F2008B89A33B уже существует. Пропуск.
[2026-07-06T15:00:31.748Z] Accessories sales: 0
[2026-07-06T15:00:32.853Z] Salary report: [object Object]
[2026-07-06T15:00:32.853Z] Таблица 'salaryData' успешно создана или уже существует.
[2026-07-06T15:00:32.854Z] Запись за 05-07-2026 / 20260103-7090-403D-8015-DE08E5B1138E уже существует. Пропуск.
[2026-07-06T15:00:32.854Z] [cron] calcSalary — завершено (32848ms)
[2026-07-06T15:07:32.981Z] 🚀 Запуск локального сервера на http://localhost:3000
[2026-07-06T15:07:32.982Z]    БД: .wrangler/state/v3/d1/miniflare-D1DatabaseObject/77e38069f80f1e633c9f5aa7772a284a52b432b7fafc0a93a3719afdd1326ebf.sqlite
[2026-07-06T15:07:32.982Z]    Файлы: ./data/storage/
[2026-07-06T15:07:32.982Z]    Логи: ./data/logs/
[2026-07-06T15:07:32.984Z] ✅ Сервер слушает порт 3000
[2026-07-06T15:07:32.994Z] [cron] Планировщик запущен:
[2026-07-06T15:07:32.994Z]   syncDocuments      — каждые 30 минут
[2026-07-06T15:07:32.994Z]   updatePlans        — каждые 6 часов
[2026-07-06T15:07:32.994Z]   updateSalesByPlan  — каждые 6 часов
[2026-07-06T15:07:32.994Z]   calcSalary         — каждые 6 часов
[2026-07-06T15:07:32.994Z]   updateProductsShope — каждые 6 часов
[2026-07-06T15:07:34.986Z] [cron] первичная синхронизация — запуск...
[2026-07-06T15:07:34.987Z] Таблица 'index_documents' успешно создана или уже существует
[2026-07-06T15:07:35.022Z] [ensureDays] Пробелов нет, все 90 дней на месте
[2026-07-06T15:07:36.985Z] [cron] syncShops — запуск...
[2026-07-06T15:07:36.989Z] Таблица 'shops' успешно создана или уже существует.
[2026-07-06T15:07:38.985Z] [cron] syncEmployees — запуск...
[2026-07-06T15:07:38.986Z] Таблица 'employees' успешно создана или уже существует.
[2026-07-06T15:07:41.635Z] [syncDocuments] Новых документов за 24ч: 355
[2026-07-06T15:07:41.640Z] Successfully inserted 355 documents (duplicates skipped)
[2026-07-06T15:07:41.640Z] [syncDocuments] Синхронизация завершена
[2026-07-06T15:07:41.640Z] [cron] первичная синхронизация — завершено (6654ms)
[2026-07-06T15:07:42.085Z] Синхронизировано магазинов: 3
[2026-07-06T15:07:42.085Z] [syncShops] 3 магазинов синхронизировано
[2026-07-06T15:07:42.085Z] [cron] syncShops — завершено (5100ms)
[2026-07-06T15:07:45.188Z] Синхронизировано сотрудников: 10
[2026-07-06T15:07:45.188Z] [syncEmployees] 10 сотрудников синхронизировано
[2026-07-06T15:07:45.188Z] [cron] syncEmployees — завершено (6203ms)
[2026-07-06T15:07:47.985Z] [startup] Расчет планов и зарплат...
[2026-07-06T15:07:47.985Z] [cron] План продаж — запуск...
[2026-07-06T15:07:47.986Z] Старт функции updatePlan
[2026-07-06T15:07:47.986Z] Дата для плана: 06-07-2026
[2026-07-06T15:07:47.986Z] Получены UUID товаров: 175 шт.
[2026-07-06T15:07:50.188Z] Получено записей плана: 3
[2026-07-06T15:07:50.189Z] План обновлён: 3 магазинов за 06-07-2026
[2026-07-06T15:07:50.189Z] Обновление базы данных плана завершено успешно
[2026-07-06T15:07:50.189Z] [cron] План продаж — завершено (2204ms)
[2026-07-06T15:07:50.189Z] [cron] Продажи по плану — запуск...
[2026-07-06T15:07:50.189Z] Таблица 'SaleByPlan' успешно создана или уже существует.
[2026-07-06T15:07:50.189Z] Initialized dates: [object Object]
[2026-07-06T15:07:51.363Z] Данные SaleByPlan обновлены.
[2026-07-06T15:07:52.611Z] Данные SaleByPlan обновлены.
[2026-07-06T15:07:53.356Z] Данные SaleByPlan обновлены.
[2026-07-06T15:07:53.356Z] Final sales data: [object Object]
[2026-07-06T15:07:53.357Z] [cron] Продажи по плану — завершено (3168ms)
[2026-07-06T15:07:53.357Z] [cron] Зарплата — запуск...
[2026-07-06T15:07:53.357Z] Accessories UUIDs: 
[2026-07-06T15:07:55.071Z] Salary and bonus: 
[2026-07-06T15:08:02.747Z] Accessories sales: 0
[2026-07-06T15:08:03.774Z] Salary report: [object Object]
[2026-07-06T15:08:03.775Z] Таблица 'salaryData' успешно создана или уже существует.
[2026-07-06T15:08:03.775Z] Запись за 05-07-2026 / 20251229-316B-40A1-80F7-C59E5B8E6831 уже существует. Пропуск.
[2026-07-06T15:08:08.857Z] Таблица 'index_documents' успешно создана или уже существует
[2026-07-06T15:08:08.858Z] Таблица 'shops' успешно создана или уже существует.
[2026-07-06T15:08:08.858Z] Таблица 'employees' успешно создана или уже существует.
[2026-07-06T15:08:11.414Z] Accessories sales: 0
[2026-07-06T15:08:12.389Z] Salary report: [object Object]
[2026-07-06T15:08:12.390Z] Таблица 'salaryData' успешно создана или уже существует.
[2026-07-06T15:08:12.390Z] Запись за 05-07-2026 / 20260103-425F-4044-8093-F2008B89A33B уже существует. Пропуск.
[2026-07-06T15:08:20.045Z] Accessories sales: 0
[2026-07-06T15:08:21.073Z] Salary report: [object Object]
[2026-07-06T15:08:21.073Z] Таблица 'salaryData' успешно создана или уже существует.
[2026-07-06T15:08:21.073Z] Запись за 05-07-2026 / 20260103-7090-403D-8015-DE08E5B1138E уже существует. Пропуск.
[2026-07-06T15:08:21.073Z] [cron] Зарплата — завершено (27716ms)
[2026-07-06T15:08:21.073Z] [startup] Планы и зарплаты — готово
[2026-07-06T15:10:32.545Z] 🚀 Запуск локального сервера на http://localhost:3000
[2026-07-06T15:10:32.546Z]    БД: .wrangler/state/v3/d1/miniflare-D1DatabaseObject/77e38069f80f1e633c9f5aa7772a284a52b432b7fafc0a93a3719afdd1326ebf.sqlite
[2026-07-06T15:10:32.546Z]    Файлы: ./data/storage/
[2026-07-06T15:10:32.546Z]    Логи: ./data/logs/
[2026-07-06T15:10:32.547Z] ✅ Сервер слушает порт 3000
[2026-07-06T15:10:32.557Z] [cron] Планировщик запущен:
[2026-07-06T15:10:32.558Z]   syncDocuments      — каждые 30 минут
[2026-07-06T15:10:32.558Z]   updatePlans        — каждые 6 часов
[2026-07-06T15:10:32.558Z]   updateSalesByPlan  — каждые 6 часов
[2026-07-06T15:10:32.558Z]   calcSalary         — каждые 6 часов
[2026-07-06T15:10:32.558Z]   updateProductsShope — каждые 6 часов
[2026-07-06T15:10:34.549Z] [cron] первичная синхронизация — запуск...
[2026-07-06T15:10:34.549Z] Таблица 'index_documents' успешно создана или уже существует
[2026-07-06T15:10:34.585Z] [ensureDays] Пробелов нет, все 90 дней на месте
[2026-07-06T15:10:36.549Z] [cron] syncShops — запуск...
[2026-07-06T15:10:36.551Z] Таблица 'shops' успешно создана или уже существует.
[2026-07-06T15:10:38.548Z] [cron] syncEmployees — запуск...
[2026-07-06T15:10:38.549Z] Таблица 'employees' успешно создана или уже существует.
[2026-07-06T15:10:40.916Z] [syncDocuments] Новых документов за 24ч: 358
[2026-07-06T15:10:40.921Z] Successfully inserted 358 documents (duplicates skipped)
[2026-07-06T15:10:40.921Z] [syncDocuments] Синхронизация завершена
[2026-07-06T15:10:40.921Z] [cron] первичная синхронизация — завершено (6372ms)
[2026-07-06T15:10:41.649Z] Синхронизировано магазинов: 3
[2026-07-06T15:10:41.649Z] [syncShops] 3 магазинов синхронизировано
[2026-07-06T15:10:41.649Z] [cron] syncShops — завершено (5100ms)
[2026-07-06T15:10:44.864Z] Синхронизировано сотрудников: 10
[2026-07-06T15:10:44.865Z] [syncEmployees] 10 сотрудников синхронизировано
[2026-07-06T15:10:44.865Z] [cron] syncEmployees — завершено (6317ms)
[2026-07-06T15:10:47.549Z] [startup] Расчет планов и зарплат...
[2026-07-06T15:10:47.549Z] [cron] План продаж — запуск...
[2026-07-06T15:10:47.549Z] Старт функции updatePlan
[2026-07-06T15:10:47.549Z] Дата для плана: 06-07-2026
[2026-07-06T15:10:47.550Z] Получены UUID товаров: 175 шт.
[2026-07-06T15:10:49.703Z] Получено записей плана: 3
[2026-07-06T15:10:49.703Z] План обновлён: 3 магазинов за 06-07-2026
[2026-07-06T15:10:49.703Z] Обновление базы данных плана завершено успешно
[2026-07-06T15:10:49.703Z] [cron] План продаж — завершено (2154ms)
[2026-07-06T15:10:49.703Z] [cron] Продажи по плану — запуск...
[2026-07-06T15:10:49.704Z] Таблица 'SaleByPlan' успешно создана или уже существует.
[2026-07-06T15:10:49.704Z] Initialized dates: [object Object]
[2026-07-06T15:10:49.738Z] Данные SaleByPlan обновлены.
[2026-07-06T15:10:49.757Z] Данные SaleByPlan обновлены.
[2026-07-06T15:10:49.770Z] Данные SaleByPlan обновлены.
[2026-07-06T15:10:49.770Z] Final sales data: [object Object]
[2026-07-06T15:10:49.771Z] [cron] Продажи по плану — завершено (68ms)
[2026-07-06T15:10:49.771Z] [cron] Зарплата — запуск...
[2026-07-06T15:10:49.771Z] Accessories UUIDs: 
[2026-07-06T15:10:49.784Z] Salary and bonus: 
[2026-07-06T15:10:56.793Z] Salary report: [object Object]
[2026-07-06T15:10:56.793Z] Таблица 'salaryData' успешно создана или уже существует.
[2026-07-06T15:10:56.793Z] Запись за 05-07-2026 / 20251229-316B-40A1-80F7-C59E5B8E6831 уже существует. Пропуск.
[2026-07-06T15:11:03.802Z] Salary report: [object Object]
[2026-07-06T15:11:03.804Z] Таблица 'salaryData' успешно создана или уже существует.
[2026-07-06T15:11:03.804Z] Запись за 05-07-2026 / 20260103-425F-4044-8093-F2008B89A33B уже существует. Пропуск.
[2026-07-06T15:11:10.819Z] Salary report: [object Object]
[2026-07-06T15:11:10.819Z] Таблица 'salaryData' успешно создана или уже существует.
[2026-07-06T15:11:10.819Z] Запись за 05-07-2026 / 20260103-7090-403D-8015-DE08E5B1138E уже существует. Пропуск.
[2026-07-06T15:11:10.819Z] [cron] Зарплата — завершено (21048ms)
[2026-07-06T15:11:10.819Z] [startup] Планы и зарплаты — готово
[2026-07-06T15:11:13.311Z] Таблица 'index_documents' успешно создана или уже существует
[2026-07-06T15:11:13.311Z] Таблица 'shops' успешно создана или уже существует.
[2026-07-06T15:11:13.311Z] Таблица 'employees' успешно создана или уже существует.
